[2026-03-11 23:00:18.529] [info] [heaven] successful received.
[2026-03-11 23:00:18.529] [info] [heaven] read_thread started.
[2026-03-11 23:00:22.101] [warning] Invalid q: 0.258 0.772 1.286 1.8
[2026-03-11 23:00:22.106] [warning] Invalid q: 0.258 0.772 1.286 1.8
[2026-03-11 23:00:22.110] [warning] Invalid q: 0.258 0.772 1.286 1.8
[2026-03-11 23:00:22.116] [warning] Invalid q: 0.258 0.772 1.286 1.8
[2026-03-11 23:00:22.121] [warning] Invalid q: 0.258 0.772 1.286 1.8
[2026-03-11 23:00:22.125] [warning] Invalid q: 0.258 0.772 1.286 1.8
[2026-03-11 23:00:22.130] [warning] Invalid q: 0.258 0.772 1.286 1.8
[2026-03-11 23:00:22.135] [warning] Invalid q: 0.258 0.772 1.286 1.8
[2026-03-11 23:00:22.140] [warning] Invalid q: 0.258 0.772 1.286 1.8
[2026-03-11 23:00:22.145] [warning] Invalid q: 0.258 0.772 1.286 1.8
[2026-03-11 23:00:22.150] [warning] Invalid q: 0.258 0.772 1.286 1.8
[2026-03-11 23:00:22.155] [warning] Invalid q: 0.258 0.772 1.286 1.8
[2026-03-11 23:00:22.161] [warning] Invalid q: 0.258 0.772 1.286 1.8
[2026-03-11 23:00:22.165] [warning] Invalid q: 0.258 0.772 1.286 1.8
[2026-03-11 23:00:22.170] [warning] Invalid q: 0.258 0.772 1.286 1.8
[2026-03-11 23:00:22.175] [warning] Invalid q: 0.258 0.772 1.286 1.8
[2026-03-11 23:00:22.180] [warning] Invalid q: 0.258 0.772 1.286 1.8
[2026-03-11 23:00:22.186] [warning] Invalid q: 0.258 0.772 1.286 1.8
[2026-03-11 23:00:22.190] [warning] Invalid q: 0.258 0.772 1.286 1.8
[2026-03-11 23:00:22.195] [warning] Invalid q: 0.258 0.772 1.286 1.8
[2026-03-11 23:00:22.200] [warning] Invalid q: 0.258 0.772 1.286 1.8
[2026-03-11 23:00:22.206] [warning] Invalid q: 0.258 0.772 1.286 1.8
[2026-03-11 23:00:22.211] [warning] Invalid q: 0.258 0.772 1.286 1.8
[2026-03-11 23:00:22.215] [warning] Invalid q: 0.258 0.772 1.286 1.8
[2026-03-11 23:00:22.221] [warning] Invalid q: 0.258 0.772 1.286 1.8
[2026-03-11 23:00:22.226] [warning] Invalid q: 0.258 0.772 1.286 1.8
[2026-03-11 23:00:22.230] [warning] Invalid q: 0.258 0.772 1.286 1.8
[2026-03-11 23:00:22.236] [warning] Invalid q: 0.258 0.772 1.286 1.8
[2026-03-11 23:00:22.241] [warning] Invalid q: 0.258 0.772 1.286 1.8
[2026-03-11 23:00:22.245] [warning] Invalid q: 0.258 0.772 1.286 1.8
[2026-03-11 23:00:22.250] [warning] Invalid q: 0.258 0.772 1.286 1.8
[2026-03-11 23:00:22.256] [warning] Invalid q: 0.258 0.772 1.286 1.8
[2026-03-11 23:00:22.260] [warning] Invalid q: 0.258 0.772 1.286 1.8
[2026-03-11 23:00:22.265] [warning] Invalid q: 0.258 0.772 1.286 1.8
[2026-03-11 23:00:22.271] [warning] Invalid q: 0.258 0.772 1.286 1.8
[2026-03-11 23:00:22.276] [warning] Invalid q: 0.258 0.772 1.286 1.8
[2026-03-11 23:00:22.280] [warning] Invalid q: 0.258 0.772 1.286 1.8
[2026-03-11 23:00:22.286] [warning] Invalid q: 0.258 0.772 1.286 1.8
[2026-03-11 23:00:22.291] [warning] Invalid q: 0.258 0.772 1.286 1.8
[2026-03-11 23:00:22.296] [warning] Invalid q: 0.258 0.772 1.286 1.8
[2026-03-11 23:00:22.300] [warning] Invalid q: 0.258 0.772 1.286 1.8
[2026-03-11 23:00:22.306] [warning] Invalid q: 0.258 0.772 1.286 1.8
[2026-03-11 23:00:22.311] [warning] Invalid q: 0.258 0.772 1.286 1.8
[2026-03-11 23:00:22.315] [warning] Invalid q: 0.258 0.772 1.286 1.8
[2026-03-11 23:00:22.321] [warning] Invalid q: 0.258 0.772 1.286 1.8
[2026-03-11 23:00:22.326] [warning] Invalid q: 0.258 0.772 1.286 1.8
[2026-03-11 23:00:22.330] [warning] Invalid q: 0.258 0.772 1.286 1.8
[2026-03-11 23:00:22.336] [warning] Invalid q: 0.258 0.772 1.286 1.8
[2026-03-11 23:00:22.341] [warning] Invalid q: 0.258 0.772 1.286 1.8
[2026-03-11 23:00:22.345] [warning] Invalid q: 0.258 0.772 1.286 1.8
[2026-03-11 23:00:22.350] [warning] Invalid q: 0.258 0.772 1.286 1.8
[2026-03-11 23:00:22.356] [warning] Invalid q: 0.258 0.772 1.286 1.8
[2026-03-11 23:00:22.360] [warning] Invalid q: 0.258 0.772 1.286 1.8
[2026-03-11 23:00:22.365] [warning] Invalid q: 0.258 0.772 1.286 1.8
[2026-03-11 23:00:22.371] [warning] Invalid q: 0.258 0.772 1.286 1.8
[2026-03-11 23:00:22.375] [warning] Invalid q: 0.258 0.772 1.286 1.8
[2026-03-11 23:00:22.380] [warning] Invalid q: 0.258 0.772 1.286 1.8
[2026-03-11 23:00:22.386] [warning] Invalid q: 0.258 0.772 1.286 1.8
[2026-03-11 23:00:22.391] [warning] Invalid q: 0.258 0.772 1.286 1.8
[2026-03-11 23:00:22.395] [warning] Invalid q: 0.258 0.772 1.286 1.8
[2026-03-11 23:00:22.400] [warning] Invalid q: 0.258 0.772 1.286 1.8
[2026-03-11 23:00:22.406] [warning] Invalid q: 0.258 0.772 1.286 1.8
[2026-03-11 23:00:22.411] [warning] Invalid q: 0.258 0.772 1.286 1.8
[2026-03-11 23:00:22.415] [warning] Invalid q: 0.258 0.772 1.286 1.8
[2026-03-11 23:00:22.421] [warning] Invalid q: 0.258 0.772 1.286 1.8
[2026-03-11 23:00:22.426] [warning] Invalid q: 0.258 0.772 1.286 1.8
[2026-03-11 23:00:22.430] [warning] Invalid q: 0.258 0.772 1.286 1.8
[2026-03-11 23:00:22.436] [warning] Invalid q: 0.258 0.772 1.286 1.8
[2026-03-11 23:00:22.441] [warning] Invalid q: 0.258 0.772 1.286 1.8
[2026-03-11 23:00:22.446] [warning] Invalid q: 0.258 0.772 1.286 1.8
[2026-03-11 23:00:22.450] [warning] Invalid q: 0.258 0.772 1.286 1.8
[2026-03-11 23:00:22.456] [warning] Invalid q: 0.258 0.772 1.286 1.8
[2026-03-11 23:00:22.461] [warning] Invalid q: 0.258 0.772 1.286 1.8
[2026-03-11 23:00:22.465] [warning] Invalid q: 0.258 0.772 1.286 1.8
[2026-03-11 23:00:22.471] [warning] Invalid q: 0.258 0.772 1.286 1.8
[2026-03-11 23:00:22.476] [warning] Invalid q: 0.258 0.772 1.286 1.8
[2026-03-11 23:00:22.480] [warning] Invalid q: 0.258 0.772 1.286 1.8
[2026-03-11 23:00:22.486] [warning] Invalid q: 0.258 0.772 1.286 1.8
[2026-03-11 23:00:22.491] [warning] Invalid q: 0.258 0.772 1.286 1.8
[2026-03-11 23:00:22.496] [warning] Invalid q: 0.258 0.772 1.286 1.8
[2026-03-11 23:00:22.500] [warning] Invalid q: 0.258 0.772 1.286 1.8
[2026-03-11 23:00:22.506] [warning] Invalid q: 0.258 0.772 1.286 1.8
[2026-03-11 23:00:22.511] [warning] Invalid q: 0.258 0.772 1.286 1.8
[2026-03-11 23:00:22.515] [warning] Invalid q: 0.258 0.772 1.286 1.8
[2026-03-11 23:00:22.521] [warning] Invalid q: 0.258 0.772 1.286 1.8
[2026-03-11 23:00:22.526] [warning] Invalid q: 0.258 0.772 1.286 1.8
[2026-03-11 23:00:22.530] [warning] Invalid q: 0.258 0.772 1.286 1.8
[2026-03-11 23:00:22.536] [warning] Invalid q: 0.258 0.772 1.286 1.8
[2026-03-11 23:00:22.541] [warning] Invalid q: 0.258 0.772 1.286 1.8
[2026-03-11 23:00:22.546] [warning] Invalid q: 0.258 0.772 1.286 1.8
[2026-03-11 23:00:22.550] [warning] Invalid q: 0.258 0.772 1.286 1.8
[2026-03-11 23:00:22.556] [warning] Invalid q: 0.258 0.772 1.286 1.8
[2026-03-11 23:00:22.561] [warning] Invalid q: 0.258 0.772 1.286 1.8
[2026-03-11 23:00:22.565] [warning] Invalid q: 0.258 0.772 1.286 1.8
[2026-03-11 23:00:22.571] [warning] Invalid q: 0.258 0.772 1.286 1.8
[2026-03-11 23:00:22.576] [warning] Invalid q: 0.258 0.772 1.286 1.8
[2026-03-11 23:00:22.580] [warning] Invalid q: 0.258 0.772 1.286 1.8
[2026-03-11 23:00:22.586] [warning] Invalid q: 0.258 0.772 1.286 1.8
[2026-03-11 23:00:22.591] [warning] Invalid q: 0.258 0.772 1.286 1.8
[2026-03-11 23:00:22.596] [warning] Invalid q: 0.258 0.772 1.286 1.8
[2026-03-11 23:00:22.600] [warning] Invalid q: 0.258 0.772 1.286 1.8
[2026-03-11 23:00:22.606] [warning] Invalid q: 0.258 0.772 1.286 1.8
[2026-03-11 23:00:22.611] [warning] Invalid q: 0.258 0.772 1.286 1.8
[2026-03-11 23:00:22.615] [warning] Invalid q: 0.258 0.772 1.286 1.8
[2026-03-11 23:00:22.621] [warning] Invalid q: 0.258 0.772 1.286 1.8
[2026-03-11 23:00:22.626] [warning] Invalid q: 0.258 0.772 1.286 1.8
[2026-03-11 23:00:22.631] [warning] Invalid q: 0.258 0.772 1.286 1.8
[2026-03-11 23:00:22.635] [warning] Invalid q: 0.258 0.772 1.286 1.8
[2026-03-11 23:00:22.641] [warning] Invalid q: 0.258 0.772 1.286 1.8
[2026-03-11 23:00:22.646] [warning] Invalid q: 0.258 0.772 1.286 1.8
[2026-03-11 23:00:22.650] [warning] Invalid q: 0.258 0.772 1.286 1.8
[2026-03-11 23:00:22.656] [warning] Invalid q: 0.258 0.772 1.286 1.8
[2026-03-11 23:00:22.661] [warning] Invalid q: 0.258 0.772 1.286 1.8
[2026-03-11 23:00:22.665] [warning] Invalid q: 0.258 0.772 1.286 1.8
[2026-03-11 23:00:22.671] [warning] Invalid q: 0.258 0.772 1.286 1.8
[2026-03-11 23:00:22.676] [warning] Invalid q: 0.258 0.772 1.286 1.8
[2026-03-11 23:00:22.681] [warning] Invalid q: 0.258 0.772 1.286 1.8
[2026-03-11 23:00:22.685] [warning] Invalid q: 0.258 0.772 1.286 1.8
[2026-03-11 23:00:22.691] [warning] Invalid q: 0.258 0.772 1.286 1.8
[2026-03-11 23:00:22.696] [warning] Invalid q: 0.258 0.772 1.286 1.8
[2026-03-11 23:00:22.700] [warning] Invalid q: 0.258 0.772 1.286 1.8
[2026-03-11 23:00:22.706] [warning] Invalid q: 0.258 0.772 1.286 1.8
[2026-03-11 23:00:22.711] [warning] Invalid q: 0.258 0.772 1.286 1.8
[2026-03-11 23:00:22.715] [warning] Invalid q: 0.258 0.772 1.286 1.8
[2026-03-11 23:00:22.721] [warning] Invalid q: 0.258 0.772 1.286 1.8
[2026-03-11 23:00:22.726] [warning] Invalid q: 0.258 0.772 1.286 1.8
[2026-03-11 23:00:22.730] [warning] Invalid q: 0.258 0.772 1.286 1.8
[2026-03-11 23:00:22.735] [warning] Invalid q: 0.258 0.772 1.286 1.8
[2026-03-11 23:00:22.741] [warning] Invalid q: 0.258 0.772 1.286 1.8
[2026-03-11 23:00:22.746] [warning] Invalid q: 0.258 0.772 1.286 1.8
[2026-03-11 23:00:22.750] [warning] Invalid q: 0.258 0.772 1.286 1.8
[2026-03-11 23:00:22.756] [warning] Invalid q: 0.258 0.772 1.286 1.8
[2026-03-11 23:00:22.761] [warning] Invalid q: 0.258 0.772 1.286 1.8
[2026-03-11 23:00:22.765] [warning] Invalid q: 0.258 0.772 1.286 1.8
[2026-03-11 23:00:22.771] [warning] Invalid q: 0.258 0.772 1.286 1.8
[2026-03-11 23:00:22.776] [warning] Invalid q: 0.258 0.772 1.286 1.8
[2026-03-11 23:00:22.780] [warning] Invalid q: 0.258 0.772 1.286 1.8
[2026-03-11 23:00:22.786] [warning] Invalid q: 0.258 0.772 1.286 1.8
[2026-03-11 23:00:22.791] [warning] Invalid q: 0.258 0.772 1.286 1.8
[2026-03-11 23:00:22.796] [warning] Invalid q: 0.258 0.772 1.286 1.8
[2026-03-11 23:00:22.800] [warning] Invalid q: 0.258 0.772 1.286 1.8
[2026-03-11 23:00:22.806] [warning] Invalid q: 0.258 0.772 1.286 1.8
[2026-03-11 23:00:22.810] [warning] Invalid q: 0.258 0.772 1.286 1.8
[2026-03-11 23:00:22.815] [warning] Invalid q: 0.258 0.772 1.286 1.8
[2026-03-11 23:00:22.821] [warning] Invalid q: 0.258 0.772 1.286 1.8
[2026-03-11 23:00:22.826] [warning] Invalid q: 0.258 0.772 1.286 1.8
[2026-03-11 23:00:22.830] [warning] Invalid q: 0.258 0.772 1.286 1.8
[2026-03-11 23:00:22.835] [warning] Invalid q: 0.258 0.772 1.286 1.8
[2026-03-11 23:00:22.841] [warning] Invalid q: 0.258 0.772 1.286 1.8
[2026-03-11 23:00:22.846] [warning] Invalid q: 0.258 0.772 1.286 1.8
[2026-03-11 23:00:22.851] [warning] Invalid q: 0.258 0.772 1.286 1.8
[2026-03-11 23:00:22.856] [warning] Invalid q: 0.258 0.772 1.286 1.8
[2026-03-11 23:00:22.860] [warning] Invalid q: 0.258 0.772 1.286 1.8
[2026-03-11 23:00:22.865] [warning] Invalid q: 0.258 0.772 1.286 1.8
[2026-03-11 23:00:22.871] [warning] Invalid q: 0.258 0.772 1.286 1.8
[2026-03-11 23:00:22.875] [warning] Invalid q: 0.258 0.772 1.286 1.8
[2026-03-11 23:00:22.880] [warning] Invalid q: 0.258 0.772 1.286 1.8
[2026-03-11 23:00:22.886] [warning] Invalid q: 0.258 0.772 1.286 1.8
[2026-03-11 23:00:22.891] [warning] Invalid q: 0.258 0.772 1.286 1.8
[2026-03-11 23:00:22.896] [warning] Invalid q: 0.258 0.772 1.286 1.8
[2026-03-11 23:00:22.900] [warning] Invalid q: 0.258 0.772 1.286 1.8
[2026-03-11 23:00:22.906] [warning] Invalid q: 0.258 0.772 1.286 1.8
[2026-03-11 23:00:22.911] [warning] Invalid q: 0.258 0.772 1.286 1.8
[2026-03-11 23:00:22.915] [warning] Invalid q: 0.258 0.772 1.286 1.8
[2026-03-11 23:00:22.921] [warning] Invalid q: 0.258 0.772 1.286 1.8
[2026-03-11 23:00:22.926] [warning] Invalid q: 0.258 0.772 1.286 1.8
[2026-03-11 23:00:22.930] [warning] Invalid q: 0.258 0.772 1.286 1.8
[2026-03-11 23:00:22.936] [warning] Invalid q: 0.258 0.772 1.286 1.8
[2026-03-11 23:00:22.941] [warning] Invalid q: 0.258 0.772 1.286 1.8
[2026-03-11 23:00:22.946] [warning] Invalid q: 0.258 0.772 1.286 1.8
[2026-03-11 23:00:22.950] [warning] Invalid q: 0.258 0.772 1.286 1.8
[2026-03-11 23:00:22.956] [warning] Invalid q: 0.258 0.772 1.286 1.8
[2026-03-11 23:00:22.961] [warning] Invalid q: 0.258 0.772 1.286 1.8
[2026-03-11 23:00:22.966] [warning] Invalid q: 0.258 0.772 1.286 1.8
[2026-03-11 23:00:22.971] [warning] Invalid q: 0.258 0.772 1.286 1.8
[2026-03-11 23:00:22.976] [warning] Invalid q: 0.258 0.772 1.286 1.8
[2026-03-11 23:00:22.981] [warning] Invalid q: 0.258 0.772 1.286 1.8
[2026-03-11 23:00:22.985] [warning] Invalid q: 0.258 0.772 1.286 1.8
[2026-03-11 23:00:22.991] [warning] Invalid q: 0.258 0.772 1.286 1.8
[2026-03-11 23:00:22.996] [warning] Invalid q: 0.258 0.772 1.286 1.8
[2026-03-11 23:00:23.000] [warning] Invalid q: 0.258 0.772 1.286 1.8
[2026-03-11 23:00:23.006] [warning] Invalid q: 0.258 0.772 1.286 1.8
[2026-03-11 23:00:23.011] [warning] Invalid q: 0.258 0.772 1.286 1.8
[2026-03-11 23:00:23.015] [warning] Invalid q: 0.258 0.772 1.286 1.8
[2026-03-11 23:00:23.021] [warning] Invalid q: 0.258 0.772 1.286 1.8
[2026-03-11 23:00:23.026] [warning] Invalid q: 0.258 0.772 1.286 1.8
[2026-03-11 23:00:23.030] [warning] Invalid q: 0.258 0.772 1.286 1.8
[2026-03-11 23:00:23.036] [warning] Invalid q: 0.258 0.772 1.286 1.8
[2026-03-11 23:00:23.041] [warning] Invalid q: 0.258 0.772 1.286 1.8
[2026-03-11 23:00:23.046] [warning] Invalid q: 0.258 0.772 1.286 1.8
[2026-03-11 23:00:23.050] [warning] Invalid q: 0.258 0.772 1.286 1.8
[2026-03-11 23:00:23.056] [warning] Invalid q: 0.258 0.772 1.286 1.8
[2026-03-11 23:00:23.061] [warning] Invalid q: 0.258 0.772 1.286 1.8
[2026-03-11 23:00:23.066] [warning] Invalid q: 0.258 0.772 1.286 1.8
[2026-03-11 23:00:23.071] [warning] Invalid q: 0.258 0.772 1.286 1.8
[2026-03-11 23:00:23.076] [warning] Invalid q: 0.258 0.772 1.286 1.8
[2026-03-11 23:00:23.080] [warning] Invalid q: 0.258 0.772 1.286 1.8
[2026-03-11 23:00:23.086] [warning] Invalid q: 0.258 0.772 1.286 1.8
[2026-03-11 23:00:23.090] [warning] Invalid q: 0.258 0.772 1.286 1.8
[2026-03-11 23:00:23.096] [warning] Invalid q: 0.258 0.772 1.286 1.8
[2026-03-11 23:00:23.100] [warning] Invalid q: 0.258 0.772 1.286 1.8
[2026-03-11 23:00:23.106] [warning] Invalid q: 0.258 0.772 1.286 1.8
[2026-03-11 23:00:23.111] [warning] Invalid q: 0.258 0.772 1.286 1.8
[2026-03-11 23:00:23.115] [warning] Invalid q: 0.258 0.772 1.286 1.8
[2026-03-11 23:00:23.121] [warning] Invalid q: 0.258 0.772 1.286 1.8
[2026-03-11 23:00:23.126] [warning] Invalid q: 0.258 0.772 1.286 1.8
[2026-03-11 23:00:23.130] [warning] Invalid q: 0.258 0.772 1.286 1.8
[2026-03-11 23:00:23.135] [warning] Invalid q: 0.258 0.772 1.286 1.8
[2026-03-11 23:00:23.141] [warning] Invalid q: 0.258 0.772 1.286 1.8
[2026-03-11 23:00:23.146] [warning] Invalid q: 0.258 0.772 1.286 1.8
[2026-03-11 23:00:23.150] [warning] Invalid q: 0.258 0.772 1.286 1.8
[2026-03-11 23:00:23.156] [warning] Invalid q: 0.258 0.772 1.286 1.8
[2026-03-11 23:00:23.161] [warning] Invalid q: 0.258 0.772 1.286 1.8
[2026-03-11 23:00:23.165] [warning] Invalid q: 0.258 0.772 1.286 1.8
[2026-03-11 23:00:23.171] [warning] Invalid q: 0.258 0.772 1.286 1.8
[2026-03-11 23:00:23.176] [warning] Invalid q: 0.258 0.772 1.286 1.8
[2026-03-11 23:00:23.176] [info] Mindvision opened.
[2026-03-11 23:00:23.180] [warning] Invalid q: 0.258 0.772 1.286 1.8
[2026-03-11 23:00:23.186] [warning] Invalid q: 0.258 0.772 1.286 1.8
[2026-03-11 23:00:23.191] [warning] Invalid q: 0.258 0.772 1.286 1.8
[2026-03-11 23:00:23.196] [warning] Invalid q: 0.258 0.772 1.286 1.8
[2026-03-11 23:00:23.200] [warning] Invalid q: 0.258 0.772 1.286 1.8
[2026-03-11 23:00:23.206] [warning] Invalid q: 0.258 0.772 1.286 1.8
[2026-03-11 23:00:23.211] [warning] Invalid q: 0.258 0.772 1.286 1.8
[2026-03-11 23:00:23.216] [warning] Invalid q: 0.258 0.772 1.286 1.8
[2026-03-11 23:00:23.221] [warning] Invalid q: 0.258 0.772 1.286 1.8
[2026-03-11 23:00:23.226] [warning] Invalid q: 0.258 0.772 1.286 1.8
[2026-03-11 23:00:23.230] [warning] Invalid q: 0.258 0.772 1.286 1.8
[2026-03-11 23:00:23.235] [warning] Invalid q: 0.258 0.772 1.286 1.8
[2026-03-11 23:00:23.241] [warning] Invalid q: 0.258 0.772 1.286 1.8
[2026-03-11 23:00:23.246] [warning] Invalid q: 0.258 0.772 1.286 1.8
[2026-03-11 23:00:23.250] [warning] Invalid q: 0.258 0.772 1.286 1.8
[2026-03-11 23:00:23.256] [warning] Invalid q: 0.258 0.772 1.286 1.8
[2026-03-11 23:00:23.261] [warning] Invalid q: 0.258 0.772 1.286 1.8
[2026-03-11 23:00:23.266] [warning] Invalid q: 0.258 0.772 1.286 1.8
[2026-03-11 23:00:23.271] [warning] Invalid q: 0.258 0.772 1.286 1.8
[2026-03-11 23:00:23.276] [warning] Invalid q: 0.258 0.772 1.286 1.8
[2026-03-11 23:00:23.278] [warning] Camera dropped!
[2026-03-11 23:00:23.281] [warning] Invalid q: 0.258 0.772 1.286 1.8
[2026-03-11 23:00:23.285] [warning] Invalid q: 0.258 0.772 1.286 1.8
[2026-03-11 23:00:23.291] [warning] Invalid q: 0.258 0.772 1.286 1.8
[2026-03-11 23:00:23.296] [warning] Invalid q: 0.258 0.772 1.286 1.8
[2026-03-11 23:00:23.300] [warning] Invalid q: 0.258 0.772 1.286 1.8
[2026-03-11 23:00:23.306] [warning] Invalid q: 0.258 0.772 1.286 1.8
[2026-03-11 23:00:23.310] [warning] Invalid q: 0.258 0.772 1.286 1.8
[2026-03-11 23:00:23.315] [warning] Invalid q: 0.258 0.772 1.286 1.8
[2026-03-11 23:00:23.321] [warning] Invalid q: 0.258 0.772 1.286 1.8
[2026-03-11 23:00:23.325] [warning] Invalid q: 0.258 0.772 1.286 1.8
[2026-03-11 23:00:23.331] [warning] Invalid q: 0.258 0.772 1.286 1.8
[2026-03-11 23:00:23.335] [warning] Invalid q: 0.258 0.772 1.286 1.8
[2026-03-11 23:00:23.341] [warning] Invalid q: 0.258 0.772 1.286 1.8
[2026-03-11 23:00:23.346] [warning] Invalid q: 0.258 0.772 1.286 1.8
[2026-03-11 23:00:23.350] [warning] Invalid q: 0.258 0.772 1.286 1.8
[2026-03-11 23:00:23.356] [warning] Invalid q: 0.258 0.772 1.286 1.8
[2026-03-11 23:00:23.361] [warning] Invalid q: 0.258 0.772 1.286 1.8
[2026-03-11 23:00:23.366] [warning] Invalid q: 0.258 0.772 1.286 1.8
[2026-03-11 23:00:23.371] [warning] Invalid q: 0.258 0.772 1.286 1.8
[2026-03-11 23:00:23.376] [warning] Invalid q: 0.258 0.772 1.286 1.8
[2026-03-11 23:00:23.380] [warning] Invalid q: 0.258 0.772 1.286 1.8
[2026-03-11 23:00:23.385] [warning] Invalid q: 0.258 0.772 1.286 1.8
[2026-03-11 23:00:23.391] [warning] Invalid q: 0.258 0.772 1.286 1.8
[2026-03-11 23:00:23.396] [warning] Invalid q: 0.258 0.772 1.286 1.8
[2026-03-11 23:00:23.400] [warning] Invalid q: 0.258 0.772 1.286 1.8
[2026-03-11 23:00:23.406] [warning] Invalid q: 0.258 0.772 1.286 1.8
[2026-03-11 23:00:23.411] [warning] Invalid q: 0.258 0.772 1.286 1.8
[2026-03-11 23:00:23.415] [warning] Invalid q: 0.258 0.772 1.286 1.8
[2026-03-11 23:00:23.421] [warning] Invalid q: 0.258 0.772 1.286 1.8
[2026-03-11 23:00:23.426] [warning] Invalid q: 0.258 0.772 1.286 1.8
[2026-03-11 23:00:23.430] [warning] Invalid q: 0.258 0.772 1.286 1.8
[2026-03-11 23:00:23.435] [warning] Invalid q: 0.258 0.772 1.286 1.8
[2026-03-11 23:00:23.441] [warning] Invalid q: 0.258 0.772 1.286 1.8
[2026-03-11 23:00:23.446] [warning] Invalid q: 0.258 0.772 1.286 1.8
[2026-03-11 23:00:23.450] [warning] Invalid q: 0.258 0.772 1.286 1.8
[2026-03-11 23:00:23.456] [warning] Invalid q: 0.258 0.772 1.286 1.8
[2026-03-11 23:00:23.461] [warning] Invalid q: 0.258 0.772 1.286 1.8
[2026-03-11 23:00:23.465] [warning] Invalid q: 0.258 0.772 1.286 1.8
[2026-03-11 23:00:23.471] [warning] Invalid q: 0.258 0.772 1.286 1.8
[2026-03-11 23:00:23.476] [warning] Invalid q: 0.258 0.772 1.286 1.8
[2026-03-11 23:00:23.481] [warning] Invalid q: 0.258 0.772 1.286 1.8
[2026-03-11 23:00:23.485] [warning] Invalid q: 0.258 0.772 1.286 1.8
[2026-03-11 23:00:23.491] [warning] Invalid q: 0.258 0.772 1.286 1.8
[2026-03-11 23:00:23.496] [warning] Invalid q: 0.258 0.772 1.286 1.8
[2026-03-11 23:00:23.500] [warning] Invalid q: 0.258 0.772 1.286 1.8
[2026-03-11 23:00:23.506] [warning] Invalid q: 0.258 0.772 1.286 1.8
[2026-03-11 23:00:23.511] [warning] Invalid q: 0.258 0.772 1.286 1.8
[2026-03-11 23:00:23.515] [warning] Invalid q: 0.258 0.772 1.286 1.8
[2026-03-11 23:00:23.521] [warning] Invalid q: 0.258 0.772 1.286 1.8
[2026-03-11 23:00:23.526] [warning] Invalid q: 0.258 0.772 1.286 1.8
[2026-03-11 23:00:23.530] [warning] Invalid q: 0.258 0.772 1.286 1.8
[2026-03-11 23:00:23.535] [warning] Invalid q: 0.258 0.772 1.286 1.8
[2026-03-11 23:00:23.541] [warning] Invalid q: 0.258 0.772 1.286 1.8
[2026-03-11 23:00:23.545] [warning] Invalid q: 0.258 0.772 1.286 1.8
[2026-03-11 23:00:23.550] [warning] Invalid q: 0.258 0.772 1.286 1.8
[2026-03-11 23:00:23.556] [warning] Invalid q: 0.258 0.772 1.286 1.8
[2026-03-11 23:00:23.561] [warning] Invalid q: 0.258 0.772 1.286 1.8
[2026-03-11 23:00:23.565] [warning] Invalid q: 0.258 0.772 1.286 1.8
[2026-03-11 23:00:23.571] [warning] Invalid q: 0.258 0.772 1.286 1.8
[2026-03-11 23:00:23.576] [warning] Invalid q: 0.258 0.772 1.286 1.8
[2026-03-11 23:00:23.580] [warning] Invalid q: 0.258 0.772 1.286 1.8
[2026-03-11 23:00:23.585] [warning] Invalid q: 0.258 0.772 1.286 1.8
[2026-03-11 23:00:23.591] [warning] Invalid q: 0.258 0.772 1.286 1.8
[2026-03-11 23:00:23.596] [warning] Invalid q: 0.258 0.772 1.286 1.8
[2026-03-11 23:00:23.600] [warning] Invalid q: 0.258 0.772 1.286 1.8
[2026-03-11 23:00:23.606] [warning] Invalid q: 0.258 0.772 1.286 1.8
[2026-03-11 23:00:23.611] [warning] Invalid q: 0.258 0.772 1.286 1.8
[2026-03-11 23:00:23.615] [warning] Invalid q: 0.258 0.772 1.286 1.8
[2026-03-11 23:00:23.621] [warning] Invalid q: 0.258 0.772 1.286 1.8
[2026-03-11 23:00:23.626] [warning] Invalid q: 0.258 0.772 1.286 1.8
[2026-03-11 23:00:23.630] [warning] Invalid q: 0.258 0.772 1.286 1.8
[2026-03-11 23:00:23.635] [warning] Invalid q: 0.258 0.772 1.286 1.8
[2026-03-11 23:00:23.641] [warning] Invalid q: 0.258 0.772 1.286 1.8
[2026-03-11 23:00:23.645] [warning] Invalid q: 0.258 0.772 1.286 1.8
[2026-03-11 23:00:23.646] [warning] Unable to open usb!
[2026-03-11 23:00:23.650] [warning] Invalid q: 0.258 0.772 1.286 1.8
[2026-03-11 23:00:23.656] [warning] Invalid q: 0.258 0.772 1.286 1.8
[2026-03-11 23:00:23.661] [warning] Invalid q: 0.258 0.772 1.286 1.8
[2026-03-11 23:00:23.666] [warning] Invalid q: 0.258 0.772 1.286 1.8
[2026-03-11 23:00:23.671] [warning] Invalid q: 0.258 0.772 1.286 1.8
[2026-03-11 23:00:23.676] [warning] Invalid q: 0.258 0.772 1.286 1.8
[2026-03-11 23:00:23.681] [warning] Invalid q: 0.258 0.772 1.286 1.8
[2026-03-11 23:00:23.685] [warning] Invalid q: 0.258 0.772 1.286 1.8
[2026-03-11 23:00:23.691] [warning] Invalid q: 0.258 0.772 1.286 1.8
[2026-03-11 23:00:23.696] [warning] Invalid q: 0.258 0.772 1.286 1.8
[2026-03-11 23:00:23.701] [warning] Invalid q: 0.258 0.772 1.286 1.8
[2026-03-11 23:00:23.706] [warning] Invalid q: 0.258 0.772 1.286 1.8
[2026-03-11 23:00:23.711] [warning] Invalid q: 0.258 0.772 1.286 1.8
[2026-03-11 23:00:23.716] [warning] Invalid q: 0.258 0.772 1.286 1.8
[2026-03-11 23:00:23.720] [warning] Invalid q: 0.258 0.772 1.286 1.8
[2026-03-11 23:00:23.726] [warning] Invalid q: 0.258 0.772 1.286 1.8
[2026-03-11 23:00:23.731] [warning] Invalid q: 0.258 0.772 1.286 1.8
[2026-03-11 23:00:23.736] [warning] Invalid q: 0.258 0.772 1.286 1.8
[2026-03-11 23:00:23.741] [warning] Invalid q: 0.258 0.772 1.286 1.8
[2026-03-11 23:00:23.746] [warning] Invalid q: 0.258 0.772 1.286 1.8
[2026-03-11 23:00:23.750] [warning] Invalid q: 0.258 0.772 1.286 1.8
[2026-03-11 23:00:23.756] [warning] Invalid q: 0.258 0.772 1.286 1.8
[2026-03-11 23:00:23.761] [warning] Invalid q: 0.258 0.772 1.286 1.8
[2026-03-11 23:00:23.765] [warning] Invalid q: 0.258 0.772 1.286 1.8
[2026-03-11 23:00:23.770] [warning] Invalid q: 0.258 0.772 1.286 1.8
[2026-03-11 23:00:23.776] [warning] Invalid q: 0.258 0.772 1.286 1.8
[2026-03-11 23:00:23.781] [warning] Invalid q: 0.258 0.772 1.286 1.8
[2026-03-11 23:00:23.786] [warning] Invalid q: 0.258 0.772 1.286 1.8
[2026-03-11 23:00:23.791] [warning] Invalid q: 0.258 0.772 1.286 1.8
[2026-03-11 23:00:23.796] [warning] Invalid q: 0.258 0.772 1.286 1.8
[2026-03-11 23:00:23.801] [warning] Invalid q: 0.258 0.772 1.286 1.8
[2026-03-11 23:00:23.806] [warning] Invalid q: 0.258 0.772 1.286 1.8
[2026-03-11 23:00:23.811] [warning] Invalid q: 0.258 0.772 1.286 1.8
[2026-03-11 23:00:23.816] [warning] Invalid q: 0.258 0.772 1.286 1.8
[2026-03-11 23:00:23.821] [warning] Invalid q: 0.258 0.772 1.286 1.8
[2026-03-11 23:00:23.826] [warning] Invalid q: 0.258 0.772 1.286 1.8
[2026-03-11 23:00:23.831] [warning] Invalid q: 0.258 0.772 1.286 1.8
[2026-03-11 23:00:23.836] [warning] Invalid q: 0.258 0.772 1.286 1.8
[2026-03-11 23:00:23.841] [warning] Invalid q: 0.258 0.772 1.286 1.8
[2026-03-11 23:00:23.846] [warning] Invalid q: 0.258 0.772 1.286 1.8
[2026-03-11 23:00:23.851] [warning] Invalid q: 0.258 0.772 1.286 1.8
[2026-03-11 23:00:23.856] [warning] Invalid q: 0.258 0.772 1.286 1.8
[2026-03-11 23:00:23.861] [warning] Invalid q: 0.258 0.772 1.286 1.8
[2026-03-11 23:00:23.865] [warning] Invalid q: 0.258 0.772 1.286 1.8
[2026-03-11 23:00:23.871] [warning] Invalid q: 0.258 0.772 1.286 1.8
[2026-03-11 23:00:23.875] [warning] Invalid q: 0.258 0.772 1.286 1.8
[2026-03-11 23:00:23.881] [warning] Invalid q: 0.258 0.772 1.286 1.8
[2026-03-11 23:00:23.885] [warning] Invalid q: 0.258 0.772 1.286 1.8
[2026-03-11 23:00:23.891] [warning] Invalid q: 0.258 0.772 1.286 1.8
[2026-03-11 23:00:23.895] [warning] Invalid q: 0.258 0.772 1.286 1.8
[2026-03-11 23:00:23.900] [warning] Invalid q: 0.258 0.772 1.286 1.8
[2026-03-11 23:00:23.906] [warning] Invalid q: 0.258 0.772 1.286 1.8
[2026-03-11 23:00:23.911] [warning] Invalid q: 0.258 0.772 1.286 1.8
[2026-03-11 23:00:23.915] [warning] Invalid q: 0.258 0.772 1.286 1.8
[2026-03-11 23:00:23.920] [warning] Invalid q: 0.258 0.772 1.286 1.8
[2026-03-11 23:00:23.926] [warning] Invalid q: 0.258 0.772 1.286 1.8
[2026-03-11 23:00:23.930] [warning] Invalid q: 0.258 0.772 1.286 1.8
[2026-03-11 23:00:23.935] [warning] Invalid q: 0.258 0.772 1.286 1.8
[2026-03-11 23:00:23.941] [warning] Invalid q: 0.258 0.772 1.286 1.8
[2026-03-11 23:00:23.945] [warning] Invalid q: 0.258 0.772 1.286 1.8
[2026-03-11 23:00:23.950] [warning] Invalid q: 0.258 0.772 1.286 1.8
[2026-03-11 23:00:23.956] [warning] Invalid q: 0.258 0.772 1.286 1.8
[2026-03-11 23:00:23.961] [warning] Invalid q: 0.258 0.772 1.286 1.8
[2026-03-11 23:00:23.965] [warning] Invalid q: 0.258 0.772 1.286 1.8
[2026-03-11 23:00:23.970] [warning] Invalid q: 0.258 0.772 1.286 1.8
[2026-03-11 23:00:23.976] [warning] Invalid q: 0.258 0.772 1.286 1.8
[2026-03-11 23:00:23.980] [warning] Invalid q: 0.258 0.772 1.286 1.8
[2026-03-11 23:00:23.985] [warning] Invalid q: 0.258 0.772 1.286 1.8
[2026-03-11 23:00:23.991] [warning] Invalid q: 0.258 0.772 1.286 1.8
[2026-03-11 23:00:23.996] [warning] Invalid q: 0.258 0.772 1.286 1.8
[2026-03-11 23:00:24.000] [warning] Invalid q: 0.258 0.772 1.286 1.8
[2026-03-11 23:00:24.006] [warning] Invalid q: 0.258 0.772 1.286 1.8
[2026-03-11 23:00:24.011] [warning] Invalid q: 0.258 0.772 1.286 1.8
[2026-03-11 23:00:24.016] [warning] Invalid q: 0.258 0.772 1.286 1.8
[2026-03-11 23:00:24.020] [warning] Invalid q: 0.258 0.772 1.286 1.8
[2026-03-11 23:00:24.026] [warning] Invalid q: 0.258 0.772 1.286 1.8
[2026-03-11 23:00:24.031] [warning] Invalid q: 0.258 0.772 1.286 1.8
[2026-03-11 23:00:24.035] [warning] Invalid q: 0.258 0.772 1.286 1.8
[2026-03-11 23:00:24.041] [warning] Invalid q: 0.258 0.772 1.286 1.8
[2026-03-11 23:00:24.046] [warning] Invalid q: 0.258 0.772 1.286 1.8
[2026-03-11 23:00:24.050] [warning] Invalid q: 0.258 0.772 1.286 1.8
[2026-03-11 23:00:24.055] [warning] Invalid q: 0.258 0.772 1.286 1.8
[2026-03-11 23:00:24.061] [warning] Invalid q: 0.258 0.772 1.286 1.8
[2026-03-11 23:00:24.066] [warning] Invalid q: 0.258 0.772 1.286 1.8
[2026-03-11 23:00:24.071] [warning] Invalid q: 0.258 0.772 1.286 1.8
[2026-03-11 23:00:24.076] [warning] Invalid q: 0.258 0.772 1.286 1.8
[2026-03-11 23:00:24.080] [warning] Invalid q: 0.258 0.772 1.286 1.8
[2026-03-11 23:00:24.085] [warning] Invalid q: 0.258 0.772 1.286 1.8
[2026-03-11 23:00:24.091] [warning] Invalid q: 0.258 0.772 1.286 1.8
[2026-03-11 23:00:24.096] [warning] Invalid q: 0.258 0.772 1.286 1.8
[2026-03-11 23:00:24.100] [warning] Invalid q: 0.258 0.772 1.286 1.8
[2026-03-11 23:00:24.105] [warning] Invalid q: 0.258 0.772 1.286 1.8
[2026-03-11 23:00:24.111] [warning] Invalid q: 0.258 0.772 1.286 1.8
[2026-03-11 23:00:24.115] [warning] Invalid q: 0.258 0.772 1.286 1.8
[2026-03-11 23:00:24.121] [warning] Invalid q: 0.258 0.772 1.286 1.8
[2026-03-11 23:00:24.126] [warning] Invalid q: 0.258 0.772 1.286 1.8
[2026-03-11 23:00:24.131] [warning] Invalid q: 0.258 0.772 1.286 1.8
[2026-03-11 23:00:24.135] [warning] Invalid q: 0.258 0.772 1.286 1.8
[2026-03-11 23:00:24.141] [warning] Invalid q: 0.258 0.772 1.286 1.8
[2026-03-11 23:00:24.145] [warning] Invalid q: 0.258 0.772 1.286 1.8
[2026-03-11 23:00:24.150] [warning] Invalid q: 0.258 0.772 1.286 1.8
[2026-03-11 23:00:24.155] [warning] Invalid q: 0.258 0.772 1.286 1.8
[2026-03-11 23:00:24.161] [warning] Invalid q: 0.258 0.772 1.286 1.8
[2026-03-11 23:00:24.165] [warning] Invalid q: 0.258 0.772 1.286 1.8
[2026-03-11 23:00:24.171] [warning] Invalid q: 0.258 0.772 1.286 1.8
[2026-03-11 23:00:24.176] [warning] Invalid q: 0.258 0.772 1.286 1.8
[2026-03-11 23:00:24.181] [warning] Invalid q: 0.258 0.772 1.286 1.8
[2026-03-11 23:00:24.185] [warning] Invalid q: 0.258 0.772 1.286 1.8
[2026-03-11 23:00:24.191] [warning] Invalid q: 0.258 0.772 1.286 1.8
[2026-03-11 23:00:24.196] [warning] Invalid q: 0.258 0.772 1.286 1.8
[2026-03-11 23:00:24.200] [warning] Invalid q: 0.258 0.772 1.286 1.8
[2026-03-11 23:00:24.205] [warning] Invalid q: 0.258 0.772 1.286 1.8
[2026-03-11 23:00:24.211] [warning] Invalid q: 0.258 0.772 1.286 1.8
[2026-03-11 23:00:24.216] [warning] Invalid q: 0.258 0.772 1.286 1.8
[2026-03-11 23:00:24.220] [warning] Invalid q: 0.258 0.772 1.286 1.8
[2026-03-11 23:00:24.226] [warning] Invalid q: 0.258 0.772 1.286 1.8
[2026-03-11 23:00:24.231] [warning] Invalid q: 0.258 0.772 1.286 1.8
[2026-03-11 23:00:24.235] [warning] Invalid q: 0.258 0.772 1.286 1.8
[2026-03-11 23:00:24.241] [warning] Invalid q: 0.258 0.772 1.286 1.8
[2026-03-11 23:00:24.246] [warning] Invalid q: 0.258 0.772 1.286 1.8
[2026-03-11 23:00:24.251] [warning] Invalid q: 0.258 0.772 1.286 1.8
[2026-03-11 23:00:24.255] [warning] Invalid q: 0.258 0.772 1.286 1.8
[2026-03-11 23:00:24.261] [warning] Invalid q: 0.258 0.772 1.286 1.8
[2026-03-11 23:00:24.266] [warning] Invalid q: 0.258 0.772 1.286 1.8
[2026-03-11 23:00:24.271] [warning] Invalid q: 0.258 0.772 1.286 1.8
[2026-03-11 23:00:24.275] [warning] Invalid q: 0.258 0.772 1.286 1.8
[2026-03-11 23:00:24.280] [warning] Invalid q: 0.258 0.772 1.286 1.8
[2026-03-11 23:00:24.285] [warning] Invalid q: 0.258 0.772 1.286 1.8
[2026-03-11 23:00:24.291] [warning] Invalid q: 0.258 0.772 1.286 1.8
[2026-03-11 23:00:24.295] [warning] Invalid q: 0.258 0.772 1.286 1.8
[2026-03-11 23:00:24.301] [warning] Invalid q: 0.258 0.772 1.286 1.8
[2026-03-11 23:00:24.305] [warning] Invalid q: 0.258 0.772 1.286 1.8
[2026-03-11 23:00:24.311] [warning] Invalid q: 0.258 0.772 1.286 1.8
[2026-03-11 23:00:24.316] [warning] Invalid q: 0.258 0.772 1.286 1.8
[2026-03-11 23:00:24.320] [warning] Invalid q: 0.258 0.772 1.286 1.8
[2026-03-11 23:00:24.326] [warning] Invalid q: 0.258 0.772 1.286 1.8
[2026-03-11 23:00:24.331] [warning] Invalid q: 0.258 0.772 1.286 1.8
[2026-03-11 23:00:24.336] [warning] Invalid q: 0.258 0.772 1.286 1.8
[2026-03-11 23:00:24.341] [warning] Invalid q: 0.258 0.772 1.286 1.8
[2026-03-11 23:00:24.346] [warning] Invalid q: 0.258 0.772 1.286 1.8
[2026-03-11 23:00:24.351] [warning] Invalid q: 0.258 0.772 1.286 1.8
[2026-03-11 23:00:24.355] [warning] Invalid q: 0.258 0.772 1.286 1.8
[2026-03-11 23:00:24.361] [warning] Invalid q: 0.258 0.772 1.286 1.8
[2026-03-11 23:00:24.365] [warning] Invalid q: 0.258 0.772 1.286 1.8
[2026-03-11 23:00:24.370] [warning] Invalid q: 0.258 0.772 1.286 1.8
[2026-03-11 23:00:24.376] [warning] Invalid q: 0.258 0.772 1.286 1.8
[2026-03-11 23:00:24.380] [warning] Invalid q: 0.258 0.772 1.286 1.8
[2026-03-11 23:00:24.386] [warning] Invalid q: 0.258 0.772 1.286 1.8
[2026-03-11 23:00:24.391] [warning] Invalid q: 0.258 0.772 1.286 1.8
[2026-03-11 23:00:24.396] [warning] Invalid q: 0.258 0.772 1.286 1.8
[2026-03-11 23:00:24.400] [warning] Invalid q: 0.258 0.772 1.286 1.8
[2026-03-11 23:00:24.405] [warning] Invalid q: 0.258 0.772 1.286 1.8
[2026-03-11 23:00:24.411] [warning] Invalid q: 0.258 0.772 1.286 1.8
[2026-03-11 23:00:24.416] [warning] Invalid q: 0.258 0.772 1.286 1.8
[2026-03-11 23:00:24.420] [warning] Invalid q: 0.258 0.772 1.286 1.8
[2026-03-11 23:00:24.426] [warning] Invalid q: 0.258 0.772 1.286 1.8
[2026-03-11 23:00:24.430] [warning] Invalid q: 0.258 0.772 1.286 1.8
[2026-03-11 23:00:24.436] [warning] Invalid q: 0.258 0.772 1.286 1.8
[2026-03-11 23:00:24.441] [warning] Invalid q: 0.258 0.772 1.286 1.8
[2026-03-11 23:00:24.446] [warning] Invalid q: 0.258 0.772 1.286 1.8
[2026-03-11 23:00:24.450] [warning] Invalid q: 0.258 0.772 1.286 1.8
[2026-03-11 23:00:24.455] [warning] Invalid q: 0.258 0.772 1.286 1.8
[2026-03-11 23:00:24.461] [warning] Invalid q: 0.258 0.772 1.286 1.8
[2026-03-11 23:00:24.465] [warning] Invalid q: 0.258 0.772 1.286 1.8
[2026-03-11 23:00:24.470] [warning] Invalid q: 0.258 0.772 1.286 1.8
[2026-03-11 23:00:24.476] [warning] Invalid q: 0.258 0.772 1.286 1.8
[2026-03-11 23:00:24.480] [warning] Invalid q: 0.258 0.772 1.286 1.8
[2026-03-11 23:00:24.485] [warning] Invalid q: 0.258 0.772 1.286 1.8
[2026-03-11 23:00:24.491] [warning] Invalid q: 0.258 0.772 1.286 1.8
[2026-03-11 23:00:24.495] [warning] Invalid q: 0.258 0.772 1.286 1.8
[2026-03-11 23:00:24.500] [warning] Invalid q: 0.258 0.772 1.286 1.8
[2026-03-11 23:00:24.505] [warning] Invalid q: 0.258 0.772 1.286 1.8
[2026-03-11 23:00:24.510] [warning] Invalid q: 0.258 0.772 1.286 1.8
[2026-03-11 23:00:24.515] [warning] Invalid q: 0.258 0.772 1.286 1.8
[2026-03-11 23:00:24.520] [warning] Invalid q: 0.258 0.772 1.286 1.8
[2026-03-11 23:00:24.525] [warning] Invalid q: 0.258 0.772 1.286 1.8
[2026-03-11 23:00:24.530] [warning] Invalid q: 0.258 0.772 1.286 1.8
[2026-03-11 23:00:24.536] [warning] Invalid q: 0.258 0.772 1.286 1.8
[2026-03-11 23:00:24.541] [warning] Invalid q: 0.258 0.772 1.286 1.8
[2026-03-11 23:00:24.545] [warning] Invalid q: 0.258 0.772 1.286 1.8
[2026-03-11 23:00:24.550] [warning] Invalid q: 0.258 0.772 1.286 1.8
[2026-03-11 23:00:24.555] [warning] Invalid q: 0.258 0.772 1.286 1.8
[2026-03-11 23:00:24.560] [warning] Invalid q: 0.258 0.772 1.286 1.8
[2026-03-11 23:00:24.565] [warning] Invalid q: 0.258 0.772 1.286 1.8
[2026-03-11 23:00:24.570] [warning] Invalid q: 0.258 0.772 1.286 1.8
[2026-03-11 23:00:24.576] [warning] Invalid q: 0.258 0.772 1.286 1.8
[2026-03-11 23:00:24.580] [warning] Invalid q: 0.258 0.772 1.286 1.8
[2026-03-11 23:00:24.585] [warning] Invalid q: 0.258 0.772 1.286 1.8
[2026-03-11 23:00:24.591] [warning] Invalid q: 0.258 0.772 1.286 1.8
[2026-03-11 23:00:24.595] [warning] Invalid q: 0.258 0.772 1.286 1.8
[2026-03-11 23:00:24.600] [warning] Invalid q: 0.258 0.772 1.286 1.8
[2026-03-11 23:00:24.605] [warning] Invalid q: 0.258 0.772 1.286 1.8
[2026-03-11 23:00:24.611] [warning] Invalid q: 0.258 0.772 1.286 1.8
[2026-03-11 23:00:24.615] [warning] Invalid q: 0.258 0.772 1.286 1.8
[2026-03-11 23:00:24.620] [warning] Invalid q: 0.258 0.772 1.286 1.8
[2026-03-11 23:00:24.626] [warning] Invalid q: 0.258 0.772 1.286 1.8
[2026-03-11 23:00:24.630] [warning] Invalid q: 0.258 0.772 1.286 1.8
[2026-03-11 23:00:24.635] [warning] Invalid q: 0.258 0.772 1.286 1.8
[2026-03-11 23:00:24.640] [warning] Invalid q: 0.258 0.772 1.286 1.8
[2026-03-11 23:00:24.645] [warning] Invalid q: 0.258 0.772 1.286 1.8
[2026-03-11 23:00:24.650] [warning] Invalid q: 0.258 0.772 1.286 1.8
[2026-03-11 23:00:24.655] [warning] Invalid q: 0.258 0.772 1.286 1.8
[2026-03-11 23:00:24.660] [warning] Invalid q: 0.258 0.772 1.286 1.8
[2026-03-11 23:00:24.666] [warning] Invalid q: 0.258 0.772 1.286 1.8
[2026-03-11 23:00:24.670] [warning] Invalid q: 0.258 0.772 1.286 1.8
[2026-03-11 23:00:24.675] [warning] Invalid q: 0.258 0.772 1.286 1.8
[2026-03-11 23:00:24.680] [warning] Invalid q: 0.258 0.772 1.286 1.8
[2026-03-11 23:00:24.685] [warning] Invalid q: 0.258 0.772 1.286 1.8
[2026-03-11 23:00:24.691] [warning] Invalid q: 0.258 0.772 1.286 1.8
[2026-03-11 23:00:24.695] [warning] Invalid q: 0.258 0.772 1.286 1.8
[2026-03-11 23:00:24.700] [warning] Invalid q: 0.258 0.772 1.286 1.8
[2026-03-11 23:00:24.705] [warning] Invalid q: 0.258 0.772 1.286 1.8
[2026-03-11 23:00:24.710] [warning] Invalid q: 0.258 0.772 1.286 1.8
[2026-03-11 23:00:24.715] [warning] Invalid q: 0.258 0.772 1.286 1.8
[2026-03-11 23:00:24.720] [warning] Invalid q: 0.258 0.772 1.286 1.8
[2026-03-11 23:00:24.726] [warning] Invalid q: 0.258 0.772 1.286 1.8
[2026-03-11 23:00:24.730] [warning] Invalid q: 0.258 0.772 1.286 1.8
[2026-03-11 23:00:24.735] [warning] Invalid q: 0.258 0.772 1.286 1.8
[2026-03-11 23:00:24.741] [warning] Invalid q: 0.258 0.772 1.286 1.8
[2026-03-11 23:00:24.745] [warning] Invalid q: 0.258 0.772 1.286 1.8
[2026-03-11 23:00:24.750] [warning] Invalid q: 0.258 0.772 1.286 1.8
[2026-03-11 23:00:24.755] [warning] Invalid q: 0.258 0.772 1.286 1.8
[2026-03-11 23:00:24.760] [warning] Invalid q: 0.258 0.772 1.286 1.8
[2026-03-11 23:00:24.765] [warning] Invalid q: 0.258 0.772 1.286 1.8
[2026-03-11 23:00:24.770] [warning] Invalid q: 0.258 0.772 1.286 1.8
[2026-03-11 23:00:24.775] [warning] Invalid q: 0.258 0.772 1.286 1.8
[2026-03-11 23:00:24.780] [warning] Invalid q: 0.258 0.772 1.286 1.8
[2026-03-11 23:00:24.785] [warning] Invalid q: 0.258 0.772 1.286 1.8
[2026-03-11 23:00:24.791] [warning] Invalid q: 0.258 0.772 1.286 1.8
[2026-03-11 23:00:24.795] [warning] Invalid q: 0.258 0.772 1.286 1.8
[2026-03-11 23:00:24.800] [warning] Invalid q: 0.258 0.772 1.286 1.8
[2026-03-11 23:00:24.805] [warning] Invalid q: 0.258 0.772 1.286 1.8
[2026-03-11 23:00:24.810] [warning] Invalid q: 0.258 0.772 1.286 1.8
[2026-03-11 23:00:24.815] [warning] Invalid q: 0.258 0.772 1.286 1.8
[2026-03-11 23:00:24.820] [warning] Invalid q: 0.258 0.772 1.286 1.8
[2026-03-11 23:00:24.826] [warning] Invalid q: 0.258 0.772 1.286 1.8
[2026-03-11 23:00:24.830] [warning] Invalid q: 0.258 0.772 1.286 1.8
[2026-03-11 23:00:24.835] [warning] Invalid q: 0.258 0.772 1.286 1.8
[2026-03-11 23:00:24.841] [warning] Invalid q: 0.258 0.772 1.286 1.8
[2026-03-11 23:00:24.845] [warning] Invalid q: 0.258 0.772 1.286 1.8
[2026-03-11 23:00:24.850] [warning] Invalid q: 0.258 0.772 1.286 1.8
[2026-03-11 23:00:24.855] [warning] Invalid q: 0.258 0.772 1.286 1.8
[2026-03-11 23:00:24.860] [warning] Invalid q: 0.258 0.772 1.286 1.8
[2026-03-11 23:00:24.865] [warning] Invalid q: 0.258 0.772 1.286 1.8
[2026-03-11 23:00:24.870] [warning] Invalid q: 0.258 0.772 1.286 1.8
[2026-03-11 23:00:24.876] [warning] Invalid q: 0.258 0.772 1.286 1.8
[2026-03-11 23:00:24.880] [warning] Invalid q: 0.258 0.772 1.286 1.8
[2026-03-11 23:00:24.885] [warning] Invalid q: 0.258 0.772 1.286 1.8
[2026-03-11 23:00:24.891] [warning] Invalid q: 0.258 0.772 1.286 1.8
[2026-03-11 23:00:24.896] [warning] Invalid q: 0.258 0.772 1.286 1.8
[2026-03-11 23:00:24.900] [warning] Invalid q: 0.258 0.772 1.286 1.8
[2026-03-11 23:00:24.905] [warning] Invalid q: 0.258 0.772 1.286 1.8
[2026-03-11 23:00:24.911] [warning] Invalid q: 0.258 0.772 1.286 1.8
[2026-03-11 23:00:24.916] [warning] Invalid q: 0.258 0.772 1.286 1.8
[2026-03-11 23:00:24.921] [warning] Invalid q: 0.258 0.772 1.286 1.8
[2026-03-11 23:00:24.926] [warning] Invalid q: 0.258 0.772 1.286 1.8
[2026-03-11 23:00:24.930] [warning] Invalid q: 0.258 0.772 1.286 1.8
[2026-03-11 23:00:24.935] [warning] Invalid q: 0.258 0.772 1.286 1.8
[2026-03-11 23:00:24.941] [warning] Invalid q: 0.258 0.772 1.286 1.8
[2026-03-11 23:00:24.946] [warning] Invalid q: 0.258 0.772 1.286 1.8
[2026-03-11 23:00:24.950] [warning] Invalid q: 0.258 0.772 1.286 1.8
[2026-03-11 23:00:24.955] [warning] Invalid q: 0.258 0.772 1.286 1.8
[2026-03-11 23:00:24.961] [warning] Invalid q: 0.258 0.772 1.286 1.8
[2026-03-11 23:00:24.966] [warning] Invalid q: 0.258 0.772 1.286 1.8
[2026-03-11 23:00:24.970] [warning] Invalid q: 0.258 0.772 1.286 1.8
[2026-03-11 23:00:24.976] [warning] Invalid q: 0.258 0.772 1.286 1.8
[2026-03-11 23:00:24.980] [warning] Invalid q: 0.258 0.772 1.286 1.8
[2026-03-11 23:00:24.986] [warning] Invalid q: 0.258 0.772 1.286 1.8
[2026-03-11 23:00:24.991] [warning] Invalid q: 0.258 0.772 1.286 1.8
[2026-03-11 23:00:24.996] [warning] Invalid q: 0.258 0.772 1.286 1.8
[2026-03-11 23:00:25.001] [warning] Invalid q: 0.258 0.772 1.286 1.8
[2026-03-11 23:00:25.006] [warning] Invalid q: 0.258 0.772 1.286 1.8
[2026-03-11 23:00:25.011] [warning] Invalid q: 0.258 0.772 1.286 1.8
[2026-03-11 23:00:25.016] [warning] Invalid q: 0.258 0.772 1.286 1.8
[2026-03-11 23:00:25.020] [warning] Invalid q: 0.258 0.772 1.286 1.8
[2026-03-11 23:00:25.026] [warning] Invalid q: 0.258 0.772 1.286 1.8
[2026-03-11 23:00:25.030] [warning] Invalid q: 0.258 0.772 1.286 1.8
[2026-03-11 23:00:25.035] [warning] Invalid q: 0.258 0.772 1.286 1.8
[2026-03-11 23:00:25.041] [warning] Invalid q: 0.258 0.772 1.286 1.8
[2026-03-11 23:00:25.045] [warning] Invalid q: 0.258 0.772 1.286 1.8
[2026-03-11 23:00:25.050] [warning] Invalid q: 0.258 0.772 1.286 1.8
[2026-03-11 23:00:25.055] [warning] Invalid q: 0.258 0.772 1.286 1.8
[2026-03-11 23:00:25.061] [warning] Invalid q: 0.258 0.772 1.286 1.8
[2026-03-11 23:00:25.065] [warning] Invalid q: 0.258 0.772 1.286 1.8
[2026-03-11 23:00:25.071] [warning] Invalid q: 0.258 0.772 1.286 1.8
[2026-03-11 23:00:25.076] [warning] Invalid q: 0.258 0.772 1.286 1.8
[2026-03-11 23:00:25.081] [warning] Invalid q: 0.258 0.772 1.286 1.8
[2026-03-11 23:00:28.077] [info] Mindvision opened.
[2026-03-11 23:00:28.179] [warning] Camera dropped!
[2026-03-11 23:00:28.533] [warning] Unable to open usb!
[2026-03-11 23:00:32.962] [info] Mindvision opened.
[2026-03-11 23:00:33.064] [warning] Camera dropped!
[2026-03-11 23:00:33.429] [warning] Unable to open usb!
[2026-03-11 23:00:37.858] [info] Mindvision opened.
[2026-03-11 23:00:37.960] [warning] Camera dropped!
[2026-03-11 23:00:38.313] [warning] Unable to open usb!
[2026-03-11 23:00:42.832] [info] Mindvision opened.
[2026-03-11 23:00:42.933] [warning] Camera dropped!
[2026-03-11 23:00:43.299] [warning] Unable to open usb!
[2026-03-11 23:00:47.714] [info] Mindvision opened.
[2026-03-11 23:00:47.815] [warning] Camera dropped!
[2026-03-11 23:00:48.170] [warning] Unable to open usb!
[2026-03-11 23:00:52.598] [info] Mindvision opened.
[2026-03-11 23:00:52.699] [warning] Camera dropped!
[2026-03-11 23:00:53.053] [warning] Unable to open usb!
[2026-03-11 23:00:57.578] [info] Mindvision opened.
[2026-03-11 23:00:57.679] [warning] Camera dropped!
[2026-03-11 23:00:58.044] [warning] Unable to open usb!
[2026-03-11 23:01:02.467] [info] Mindvision opened.
[2026-03-11 23:01:02.568] [warning] Camera dropped!
[2026-03-11 23:01:02.932] [warning] Unable to open usb!
[2026-03-11 23:01:07.374] [info] Mindvision opened.
[2026-03-11 23:01:07.475] [warning] Camera dropped!
[2026-03-11 23:01:07.828] [warning] Unable to open usb!
[2026-03-11 23:01:12.260] [info] Mindvision opened.
[2026-03-11 23:01:12.362] [warning] Camera dropped!
[2026-03-11 23:01:12.715] [warning] Unable to open usb!
[2026-03-11 23:01:17.147] [info] Mindvision opened.
[2026-03-11 23:01:17.249] [warning] Camera dropped!
[2026-03-11 23:01:17.603] [warning] Unable to open usb!
[2026-03-11 23:01:22.022] [info] Mindvision opened.
[2026-03-11 23:01:22.124] [warning] Camera dropped!
[2026-03-11 23:01:22.489] [warning] Unable to open usb!
[2026-03-11 23:01:26.912] [info] Mindvision opened.
[2026-03-11 23:01:27.013] [warning] Camera dropped!
[2026-03-11 23:01:27.377] [warning] Unable to open usb!
[2026-03-11 23:01:31.807] [info] Mindvision opened.
[2026-03-11 23:01:31.909] [warning] Camera dropped!
[2026-03-11 23:01:32.263] [warning] Unable to open usb!
[2026-03-11 23:01:36.698] [info] Mindvision opened.
[2026-03-11 23:01:36.800] [warning] Camera dropped!
[2026-03-11 23:01:37.155] [warning] Unable to open usb!
[2026-03-11 23:01:41.593] [info] Mindvision opened.
[2026-03-11 23:01:41.694] [warning] Camera dropped!
[2026-03-11 23:01:42.048] [warning] Unable to open usb!
[2026-03-11 23:01:46.479] [info] Mindvision opened.
[2026-03-11 23:01:46.580] [warning] Camera dropped!
[2026-03-11 23:01:46.935] [warning] Unable to open usb!
[2026-03-11 23:01:51.353] [info] Mindvision opened.
[2026-03-11 23:01:51.455] [warning] Camera dropped!
[2026-03-11 23:01:51.819] [warning] Unable to open usb!
[2026-03-11 23:01:56.241] [info] Mindvision opened.
[2026-03-11 23:01:56.342] [warning] Camera dropped!
[2026-03-11 23:01:56.697] [warning] Unable to open usb!
[2026-03-11 23:02:00.934] [warning] [heaven] Too many errors, attempting to reconnect...
[2026-03-11 23:02:00.934] [warning] [heaven] Reconnecting serial, attempt 1/10...
[2026-03-11 23:02:01.111] [info] Mindvision opened.
[2026-03-11 23:02:01.212] [warning] Camera dropped!
[2026-03-11 23:02:01.566] [warning] Unable to open usb!
[2026-03-11 23:02:01.936] [info] [heaven] Reconnected serial successfully.
[2026-03-11 23:02:05.999] [info] Mindvision opened.
[2026-03-11 23:02:06.101] [warning] Camera dropped!
[2026-03-11 23:02:06.454] [warning] Unable to open usb!
[2026-03-11 23:02:10.891] [info] Mindvision opened.
[2026-03-11 23:02:10.993] [warning] Camera dropped!
[2026-03-11 23:02:11.346] [warning] Unable to open usb!
[2026-03-11 23:02:15.775] [info] Mindvision opened.
[2026-03-11 23:02:15.877] [warning] Camera dropped!
[2026-03-11 23:02:16.231] [warning] Unable to open usb!
[2026-03-11 23:02:20.660] [info] Mindvision opened.
[2026-03-11 23:02:20.762] [warning] Camera dropped!
[2026-03-11 23:02:21.125] [warning] Unable to open usb!
[2026-03-11 23:02:25.538] [info] Mindvision opened.
[2026-03-11 23:02:25.640] [warning] Camera dropped!
[2026-03-11 23:02:26.005] [warning] Unable to open usb!
[2026-03-11 23:02:30.442] [info] Mindvision opened.
[2026-03-11 23:02:30.543] [warning] Camera dropped!
[2026-03-11 23:02:30.897] [warning] Unable to open usb!
[2026-03-11 23:02:35.329] [info] Mindvision opened.
[2026-03-11 23:02:35.430] [warning] Camera dropped!
[2026-03-11 23:02:35.784] [warning] Unable to open usb!
[2026-03-11 23:02:40.232] [info] Mindvision opened.
[2026-03-11 23:02:40.334] [warning] Camera dropped!
[2026-03-11 23:02:40.689] [warning] Unable to open usb!
[2026-03-11 23:02:45.116] [info] Mindvision opened.
[2026-03-11 23:02:45.217] [warning] Camera dropped!
[2026-03-11 23:02:45.572] [warning] Unable to open usb!
[2026-03-11 23:02:50.004] [info] Mindvision opened.
[2026-03-11 23:02:50.105] [warning] Camera dropped!
[2026-03-11 23:02:50.460] [warning] Unable to open usb!
[2026-03-11 23:02:54.886] [info] Mindvision opened.
[2026-03-11 23:02:54.987] [warning] Camera dropped!
[2026-03-11 23:02:55.340] [warning] Unable to open usb!
[2026-03-11 23:02:59.766] [info] Mindvision opened.
[2026-03-11 23:02:59.867] [warning] Camera dropped!
[2026-03-11 23:03:00.222] [warning] Unable to open usb!
[2026-03-11 23:03:04.643] [info] Mindvision opened.
[2026-03-11 23:03:04.745] [warning] Camera dropped!
[2026-03-11 23:03:05.098] [warning] Unable to open usb!
[2026-03-11 23:03:09.520] [info] Mindvision opened.
[2026-03-11 23:03:09.621] [warning] Camera dropped!
[2026-03-11 23:03:09.976] [warning] Unable to open usb!
[2026-03-11 23:03:14.387] [info] Mindvision opened.
[2026-03-11 23:03:14.488] [warning] Camera dropped!
[2026-03-11 23:03:14.853] [warning] Unable to open usb!
[2026-03-11 23:03:19.278] [info] Mindvision opened.
[2026-03-11 23:03:19.379] [warning] Camera dropped!
[2026-03-11 23:03:19.734] [warning] Unable to open usb!
[2026-03-11 23:03:24.157] [info] Mindvision opened.
[2026-03-11 23:03:24.258] [warning] Camera dropped!
[2026-03-11 23:03:24.614] [warning] Unable to open usb!
[2026-03-11 23:03:29.041] [info] Mindvision opened.
[2026-03-11 23:03:29.143] [warning] Camera dropped!
[2026-03-11 23:03:29.497] [warning] Unable to open usb!
[2026-03-11 23:03:33.925] [info] Mindvision opened.
[2026-03-11 23:03:34.026] [warning] Camera dropped!
[2026-03-11 23:03:34.379] [warning] Unable to open usb!
[2026-03-11 23:03:37.820] [warning] [heaven] Too many errors, attempting to reconnect...
[2026-03-11 23:03:37.820] [warning] [heaven] Reconnecting serial, attempt 1/10...
[2026-03-11 23:03:38.817] [info] Mindvision opened.
[2026-03-11 23:03:38.822] [info] [heaven] Reconnected serial successfully.
[2026-03-11 23:03:38.919] [warning] Camera dropped!
[2026-03-11 23:03:39.273] [warning] Unable to open usb!
[2026-03-11 23:03:43.705] [info] Mindvision opened.
[2026-03-11 23:03:43.806] [warning] Camera dropped!
[2026-03-11 23:03:44.161] [warning] Unable to open usb!
[2026-03-11 23:03:48.580] [info] Mindvision opened.
[2026-03-11 23:03:48.681] [warning] Camera dropped!
[2026-03-11 23:03:49.044] [warning] Unable to open usb!
[2026-03-11 23:03:53.680] [info] Mindvision opened.
[2026-03-11 23:03:53.781] [warning] Camera dropped!
[2026-03-11 23:03:54.134] [warning] Unable to open usb!
[2026-03-11 23:03:58.565] [info] Mindvision opened.
[2026-03-11 23:03:58.666] [warning] Camera dropped!
[2026-03-11 23:03:59.021] [warning] Unable to open usb!
[2026-03-11 23:04:03.448] [info] Mindvision opened.
[2026-03-11 23:04:03.549] [warning] Camera dropped!
[2026-03-11 23:04:03.904] [warning] Unable to open usb!
[2026-03-11 23:04:08.330] [info] Mindvision opened.
[2026-03-11 23:04:08.432] [warning] Camera dropped!
[2026-03-11 23:04:08.786] [warning] Unable to open usb!
[2026-03-11 23:04:13.219] [info] Mindvision opened.
[2026-03-11 23:04:13.320] [warning] Camera dropped!
[2026-03-11 23:04:13.674] [warning] Unable to open usb!
[2026-03-11 23:04:18.084] [info] Mindvision opened.
[2026-03-11 23:04:18.185] [warning] Camera dropped!
[2026-03-11 23:04:18.550] [warning] Unable to open usb!
[2026-03-11 23:04:22.963] [info] Mindvision opened.
[2026-03-11 23:04:23.065] [warning] Camera dropped!
[2026-03-11 23:04:23.427] [warning] Unable to open usb!
[2026-03-11 23:04:27.851] [info] Mindvision opened.
[2026-03-11 23:04:27.953] [warning] Camera dropped!
[2026-03-11 23:04:28.306] [warning] Unable to open usb!
[2026-03-11 23:04:32.728] [info] Mindvision opened.
[2026-03-11 23:04:32.829] [warning] Camera dropped!
[2026-03-11 23:04:33.193] [warning] Unable to open usb!
[2026-03-11 23:04:37.625] [info] Mindvision opened.
[2026-03-11 23:04:37.727] [warning] Camera dropped!
[2026-03-11 23:04:38.082] [warning] Unable to open usb!
[2026-03-11 23:04:42.518] [info] Mindvision opened.
[2026-03-11 23:04:42.619] [warning] Camera dropped!
[2026-03-11 23:04:42.973] [warning] Unable to open usb!
[2026-03-11 23:04:47.487] [info] Mindvision opened.
[2026-03-11 23:04:47.589] [warning] Camera dropped!
[2026-03-11 23:04:47.955] [warning] Unable to open usb!
[2026-03-11 23:04:52.380] [info] Mindvision opened.
[2026-03-11 23:04:52.482] [warning] Camera dropped!
[2026-03-11 23:04:52.835] [warning] Unable to open usb!
[2026-03-11 23:04:57.459] [info] Mindvision opened.
[2026-03-11 23:04:57.560] [warning] Camera dropped!
[2026-03-11 23:04:57.913] [warning] Unable to open usb!
[2026-03-11 23:05:02.344] [info] Mindvision opened.
[2026-03-11 23:05:02.446] [warning] Camera dropped!
[2026-03-11 23:05:02.799] [warning] Unable to open usb!
[2026-03-11 23:05:07.231] [info] Mindvision opened.
[2026-03-11 23:05:07.332] [warning] Camera dropped!
[2026-03-11 23:05:07.686] [warning] Unable to open usb!
[2026-03-11 23:05:12.098] [info] Mindvision opened.
[2026-03-11 23:05:12.200] [warning] Camera dropped!
[2026-03-11 23:05:12.564] [warning] Unable to open usb!
[2026-03-11 23:05:14.620] [warning] [heaven] Too many errors, attempting to reconnect...
[2026-03-11 23:05:14.621] [warning] [heaven] Reconnecting serial, attempt 1/10...
[2026-03-11 23:05:15.623] [info] [heaven] Reconnected serial successfully.
[2026-03-11 23:05:16.993] [info] Mindvision opened.
[2026-03-11 23:05:17.094] [warning] Camera dropped!
[2026-03-11 23:05:17.448] [warning] Unable to open usb!
[2026-03-11 23:05:21.879] [info] Mindvision opened.
[2026-03-11 23:05:21.980] [warning] Camera dropped!
[2026-03-11 23:05:22.334] [warning] Unable to open usb!
[2026-03-11 23:05:26.854] [info] Mindvision opened.
[2026-03-11 23:05:26.955] [warning] Camera dropped!
[2026-03-11 23:05:27.321] [warning] Unable to open usb!
[2026-03-11 23:05:31.746] [info] Mindvision opened.
[2026-03-11 23:05:31.847] [warning] Camera dropped!
[2026-03-11 23:05:32.201] [warning] Unable to open usb!
[2026-03-11 23:05:36.720] [info] Mindvision opened.
[2026-03-11 23:05:36.821] [warning] Camera dropped!
[2026-03-11 23:05:37.186] [warning] Unable to open usb!
[2026-03-11 23:05:41.615] [info] Mindvision opened.
[2026-03-11 23:05:41.716] [warning] Camera dropped!
[2026-03-11 23:05:42.071] [warning] Unable to open usb!
[2026-03-11 23:05:46.524] [info] Mindvision opened.
[2026-03-11 23:05:46.626] [warning] Camera dropped!
[2026-03-11 23:05:46.980] [warning] Unable to open usb!
[2026-03-11 23:05:51.394] [info] Mindvision opened.
[2026-03-11 23:05:51.496] [warning] Camera dropped!
[2026-03-11 23:05:51.860] [warning] Unable to open usb!
[2026-03-11 23:05:56.284] [info] Mindvision opened.
[2026-03-11 23:05:56.385] [warning] Camera dropped!
[2026-03-11 23:05:56.739] [warning] Unable to open usb!
[2026-03-11 23:06:06.232] [info] Mindvision opened.
[2026-03-11 23:06:06.334] [warning] Camera dropped!
[2026-03-11 23:06:07.550] [warning] Unable to open usb!
[2026-03-11 23:06:07.751] [warning] Failed to init camera!
[2026-03-11 23:06:07.852] [warning] Unable to open usb!
[2026-03-11 23:06:08.054] [warning] Failed to init camera!
[2026-03-11 23:06:08.154] [warning] Unable to open usb!
[2026-03-11 23:06:08.356] [warning] Failed to init camera!
[2026-03-11 23:06:08.456] [warning] Unable to open usb!
[2026-03-11 23:06:08.659] [warning] Failed to init camera!
[2026-03-11 23:06:08.759] [warning] Unable to open usb!
[2026-03-11 23:06:08.961] [warning] Failed to init camera!
[2026-03-11 23:06:09.061] [warning] Unable to open usb!
[2026-03-11 23:06:09.264] [warning] Failed to init camera!
[2026-03-11 23:06:09.364] [warning] Unable to open usb!
[2026-03-11 23:06:09.565] [warning] Failed to init camera!
[2026-03-11 23:06:09.665] [warning] Unable to open usb!
[2026-03-11 23:06:10.068] [warning] Failed to init camera!
[2026-03-11 23:06:10.168] [warning] Unable to open usb!
[2026-03-11 23:06:10.369] [warning] Failed to init camera!
[2026-03-11 23:06:10.470] [warning] Unable to open usb!
[2026-03-11 23:06:10.672] [warning] Failed to init camera!
[2026-03-11 23:06:10.772] [warning] Unable to open usb!
[2026-03-11 23:06:10.974] [warning] Failed to init camera!
[2026-03-11 23:06:11.075] [warning] Unable to open usb!
[2026-03-11 23:06:11.277] [warning] Failed to init camera!
[2026-03-11 23:06:11.377] [warning] Unable to open usb!
[2026-03-11 23:06:11.579] [warning] Failed to init camera!
[2026-03-11 23:06:11.679] [warning] Unable to open usb!
[2026-03-11 23:06:11.881] [warning] Failed to init camera!
[2026-03-11 23:06:11.982] [warning] Unable to open usb!
[2026-03-11 23:06:12.184] [warning] Failed to init camera!
[2026-03-11 23:06:12.284] [warning] Unable to open usb!
[2026-03-11 23:06:22.760] [info] Mindvision opened.
[2026-03-11 23:06:22.862] [warning] Camera dropped!
[2026-03-11 23:06:24.192] [warning] Unable to open usb!
[2026-03-11 23:06:24.394] [warning] Failed to init camera!
[2026-03-11 23:06:24.494] [warning] Unable to open usb!
[2026-03-11 23:06:24.695] [warning] Failed to init camera!
[2026-03-11 23:06:24.795] [warning] Unable to open usb!
[2026-03-11 23:06:24.997] [warning] Failed to init camera!
[2026-03-11 23:06:25.097] [warning] Unable to open usb!
[2026-03-11 23:06:25.299] [warning] Failed to init camera!
[2026-03-11 23:06:25.399] [warning] Unable to open usb!
[2026-03-11 23:06:25.601] [warning] Failed to init camera!
[2026-03-11 23:06:25.702] [warning] Unable to open usb!
[2026-03-11 23:06:25.904] [warning] Failed to init camera!
[2026-03-11 23:06:26.004] [warning] Unable to open usb!
[2026-03-11 23:06:26.206] [warning] Failed to init camera!
[2026-03-11 23:06:26.306] [warning] Unable to open usb!
[2026-03-11 23:06:26.508] [warning] Failed to init camera!
[2026-03-11 23:06:26.608] [warning] Unable to open usb!
[2026-03-11 23:06:27.010] [warning] Failed to init camera!
[2026-03-11 23:06:27.111] [warning] Unable to open usb!
[2026-03-11 23:06:27.312] [warning] Failed to init camera!
[2026-03-11 23:06:27.412] [warning] Unable to open usb!
[2026-03-11 23:06:27.614] [warning] Failed to init camera!
[2026-03-11 23:06:27.714] [warning] Unable to open usb!
[2026-03-11 23:06:27.916] [warning] Failed to init camera!
[2026-03-11 23:06:28.016] [warning] Unable to open usb!
[2026-03-11 23:06:28.218] [warning] Failed to init camera!
[2026-03-11 23:06:28.318] [warning] Unable to open usb!
[2026-03-11 23:06:28.520] [warning] Failed to init camera!
[2026-03-11 23:06:28.620] [warning] Unable to open usb!
[2026-03-11 23:06:28.822] [warning] Failed to init camera!
[2026-03-11 23:06:28.922] [warning] Unable to open usb!
[2026-03-11 23:06:38.821] [info] Mindvision opened.
[2026-03-11 23:06:38.923] [warning] Camera dropped!
[2026-03-11 23:06:39.323] [warning] Unable to open usb!
[2026-03-11 23:06:43.942] [info] Mindvision opened.
[2026-03-11 23:06:44.043] [warning] Camera dropped!
[2026-03-11 23:06:44.408] [warning] Unable to open usb!
[2026-03-11 23:06:48.836] [info] Mindvision opened.
[2026-03-11 23:06:48.937] [warning] Camera dropped!
[2026-03-11 23:06:49.291] [warning] Unable to open usb!
[2026-03-11 23:06:51.481] [warning] [heaven] Too many errors, attempting to reconnect...
[2026-03-11 23:06:51.481] [warning] [heaven] Reconnecting serial, attempt 1/10...
[2026-03-11 23:06:52.483] [info] [heaven] Reconnected serial successfully.
[2026-03-11 23:06:53.716] [info] Mindvision opened.
[2026-03-11 23:06:53.817] [warning] Camera dropped!
[2026-03-11 23:06:54.172] [warning] Unable to open usb!
[2026-03-11 23:06:58.599] [info] Mindvision opened.
[2026-03-11 23:06:58.700] [warning] Camera dropped!
[2026-03-11 23:06:59.055] [warning] Unable to open usb!
[2026-03-11 23:07:03.477] [info] Mindvision opened.
[2026-03-11 23:07:03.578] [warning] Camera dropped!
[2026-03-11 23:07:03.934] [warning] Unable to open usb!
[2026-03-11 23:07:08.346] [info] Mindvision opened.
[2026-03-11 23:07:08.447] [warning] Camera dropped!
[2026-03-11 23:07:08.811] [warning] Unable to open usb!
[2026-03-11 23:07:13.221] [info] Mindvision opened.
[2026-03-11 23:07:13.322] [warning] Camera dropped!
[2026-03-11 23:07:13.677] [warning] Unable to open usb!
[2026-03-11 23:07:18.088] [info] Mindvision opened.
[2026-03-11 23:07:18.189] [warning] Camera dropped!
[2026-03-11 23:07:18.556] [warning] Unable to open usb!
[2026-03-11 23:07:22.983] [info] Mindvision opened.
[2026-03-11 23:07:23.085] [warning] Camera dropped!
[2026-03-11 23:07:23.448] [warning] Unable to open usb!
[2026-03-11 23:07:27.884] [info] Mindvision opened.
[2026-03-11 23:07:27.985] [warning] Camera dropped!
[2026-03-11 23:07:28.338] [warning] Unable to open usb!
[2026-03-11 23:07:32.775] [info] Mindvision opened.
[2026-03-11 23:07:32.876] [warning] Camera dropped!
[2026-03-11 23:07:33.231] [warning] Unable to open usb!
[2026-03-11 23:07:37.656] [info] Mindvision opened.
[2026-03-11 23:07:37.758] [warning] Camera dropped!
[2026-03-11 23:07:38.112] [warning] Unable to open usb!
[2026-03-11 23:07:42.527] [info] Mindvision opened.
[2026-03-11 23:07:42.629] [warning] Camera dropped!
[2026-03-11 23:07:42.993] [warning] Unable to open usb!
[2026-03-11 23:07:47.623] [info] Mindvision opened.
[2026-03-11 23:07:47.725] [warning] Camera dropped!
[2026-03-11 23:07:48.079] [warning] Unable to open usb!
[2026-03-11 23:07:52.511] [info] Mindvision opened.
[2026-03-11 23:07:52.613] [warning] Camera dropped!
[2026-03-11 23:07:52.967] [warning] Unable to open usb!
[2026-03-11 23:07:57.389] [info] Mindvision opened.
[2026-03-11 23:07:57.490] [warning] Camera dropped!
[2026-03-11 23:07:57.846] [warning] Unable to open usb!
[2026-03-11 23:08:02.255] [info] Mindvision opened.
[2026-03-11 23:08:02.356] [warning] Camera dropped!
[2026-03-11 23:08:02.722] [warning] Unable to open usb!
[2026-03-11 23:08:07.154] [info] Mindvision opened.
[2026-03-11 23:08:07.256] [warning] Camera dropped!
[2026-03-11 23:08:07.610] [warning] Unable to open usb!
