[2026-03-13 21:18:31.946] [info] [heaven] successful received.
[2026-03-13 21:18:31.946] [info] [heaven] read_thread started.
[2026-03-13 21:18:31.946] [info] 串口初始化成功
[2026-03-13 21:18:32.717] [info] Mindvision opened.
[2026-03-13 21:18:32.717] [info] 相机初始化成功
[2026-03-13 21:18:32.940] [debug] 显示图像大小: 640x512
[2026-03-13 21:18:32.949] [debug] 显示图像大小: 640x512
[2026-03-13 21:18:32.973] [debug] 显示图像大小: 640x512
[2026-03-13 21:18:32.985] [debug] 显示图像大小: 640x512
[2026-03-13 21:18:32.995] [debug] 显示图像大小: 640x512
[2026-03-13 21:18:33.008] [debug] 显示图像大小: 640x512
[2026-03-13 21:18:33.022] [debug] 显示图像大小: 640x512
[2026-03-13 21:18:33.034] [debug] 显示图像大小: 640x512
[2026-03-13 21:18:33.045] [debug] 显示图像大小: 640x512
[2026-03-13 21:18:33.058] [debug] 显示图像大小: 640x512
[2026-03-13 21:18:33.069] [debug] 显示图像大小: 640x512
[2026-03-13 21:18:33.082] [debug] 显示图像大小: 640x512
[2026-03-13 21:18:33.094] [debug] 显示图像大小: 640x512
[2026-03-13 21:18:33.107] [debug] 显示图像大小: 640x512
[2026-03-13 21:18:33.118] [debug] 显示图像大小: 640x512
[2026-03-13 21:18:33.132] [debug] 显示图像大小: 640x512
[2026-03-13 21:18:33.145] [debug] 显示图像大小: 640x512
[2026-03-13 21:18:33.156] [debug] 显示图像大小: 640x512
[2026-03-13 21:18:33.170] [debug] 显示图像大小: 640x512
[2026-03-13 21:18:33.182] [debug] 显示图像大小: 640x512
[2026-03-13 21:18:33.195] [debug] 显示图像大小: 640x512
[2026-03-13 21:18:33.208] [debug] 显示图像大小: 640x512
[2026-03-13 21:18:33.220] [debug] 显示图像大小: 640x512
[2026-03-13 21:18:33.231] [debug] 显示图像大小: 640x512
[2026-03-13 21:18:33.244] [debug] 显示图像大小: 640x512
[2026-03-13 21:18:33.257] [debug] 显示图像大小: 640x512
[2026-03-13 21:18:33.270] [debug] 显示图像大小: 640x512
[2026-03-13 21:18:33.281] [debug] 显示图像大小: 640x512
[2026-03-13 21:18:33.293] [debug] 显示图像大小: 640x512
[2026-03-13 21:18:33.306] [debug] 显示图像大小: 640x512
[2026-03-13 21:18:33.317] [debug] 显示图像大小: 640x512
[2026-03-13 21:18:33.330] [debug] 显示图像大小: 640x512
[2026-03-13 21:18:33.341] [debug] 显示图像大小: 640x512
[2026-03-13 21:18:33.353] [debug] 显示图像大小: 640x512
[2026-03-13 21:18:33.363] [debug] 显示图像大小: 640x512
[2026-03-13 21:18:33.376] [debug] 显示图像大小: 640x512
[2026-03-13 21:18:33.389] [debug] 显示图像大小: 640x512
[2026-03-13 21:18:33.402] [debug] 显示图像大小: 640x512
[2026-03-13 21:18:33.414] [debug] 显示图像大小: 640x512
[2026-03-13 21:18:33.426] [debug] 显示图像大小: 640x512
[2026-03-13 21:18:33.438] [debug] 显示图像大小: 640x512
[2026-03-13 21:18:33.451] [debug] 显示图像大小: 640x512
[2026-03-13 21:18:33.463] [debug] 显示图像大小: 640x512
[2026-03-13 21:18:33.476] [debug] 显示图像大小: 640x512
[2026-03-13 21:18:33.490] [debug] 显示图像大小: 640x512
[2026-03-13 21:18:33.504] [debug] 显示图像大小: 640x512
[2026-03-13 21:18:33.518] [debug] 显示图像大小: 640x512
[2026-03-13 21:18:33.529] [debug] 显示图像大小: 640x512
[2026-03-13 21:18:33.543] [debug] 显示图像大小: 640x512
[2026-03-13 21:18:33.557] [debug] 显示图像大小: 640x512
[2026-03-13 21:18:33.571] [debug] 显示图像大小: 640x512
[2026-03-13 21:18:33.587] [debug] 显示图像大小: 640x512
[2026-03-13 21:18:33.600] [debug] 显示图像大小: 640x512
[2026-03-13 21:18:33.612] [debug] 显示图像大小: 640x512
[2026-03-13 21:18:33.624] [debug] 显示图像大小: 640x512
[2026-03-13 21:18:33.636] [debug] 显示图像大小: 640x512
[2026-03-13 21:18:33.646] [debug] 显示图像大小: 640x512
[2026-03-13 21:18:33.660] [debug] 显示图像大小: 640x512
[2026-03-13 21:18:33.672] [debug] 显示图像大小: 640x512
[2026-03-13 21:18:33.684] [debug] 显示图像大小: 640x512
[2026-03-13 21:18:33.696] [debug] 显示图像大小: 640x512
[2026-03-13 21:18:33.708] [debug] 显示图像大小: 640x512
[2026-03-13 21:18:33.720] [debug] 显示图像大小: 640x512
[2026-03-13 21:18:33.732] [debug] 显示图像大小: 640x512
[2026-03-13 21:18:33.745] [debug] 显示图像大小: 640x512
[2026-03-13 21:18:33.758] [debug] 显示图像大小: 640x512
[2026-03-13 21:18:33.771] [debug] 显示图像大小: 640x512
[2026-03-13 21:18:33.783] [debug] 显示图像大小: 640x512
[2026-03-13 21:18:33.795] [debug] 显示图像大小: 640x512
[2026-03-13 21:18:33.807] [debug] 显示图像大小: 640x512
[2026-03-13 21:18:33.819] [debug] 显示图像大小: 640x512
[2026-03-13 21:18:33.831] [debug] 显示图像大小: 640x512
[2026-03-13 21:18:33.844] [debug] 显示图像大小: 640x512
[2026-03-13 21:18:33.857] [debug] 显示图像大小: 640x512
[2026-03-13 21:18:33.870] [debug] 显示图像大小: 640x512
[2026-03-13 21:18:33.884] [debug] 显示图像大小: 640x512
[2026-03-13 21:18:33.897] [debug] 显示图像大小: 640x512
[2026-03-13 21:18:33.910] [debug] 显示图像大小: 640x512
[2026-03-13 21:18:33.923] [debug] 显示图像大小: 640x512
[2026-03-13 21:18:33.938] [debug] 显示图像大小: 640x512
[2026-03-13 21:18:33.952] [debug] 显示图像大小: 640x512
[2026-03-13 21:18:33.967] [debug] 显示图像大小: 640x512
[2026-03-13 21:18:33.979] [debug] 显示图像大小: 640x512
[2026-03-13 21:18:33.991] [debug] 显示图像大小: 640x512
[2026-03-13 21:18:34.003] [debug] 显示图像大小: 640x512
[2026-03-13 21:18:34.014] [debug] 显示图像大小: 640x512
[2026-03-13 21:18:34.024] [debug] 显示图像大小: 640x512
[2026-03-13 21:18:34.036] [debug] 显示图像大小: 640x512
[2026-03-13 21:18:34.048] [debug] 显示图像大小: 640x512
[2026-03-13 21:18:34.062] [debug] 显示图像大小: 640x512
[2026-03-13 21:18:34.075] [debug] 显示图像大小: 640x512
[2026-03-13 21:18:34.088] [debug] 显示图像大小: 640x512
[2026-03-13 21:18:34.102] [debug] 显示图像大小: 640x512
[2026-03-13 21:18:34.116] [debug] 显示图像大小: 640x512
[2026-03-13 21:18:34.128] [debug] 显示图像大小: 640x512
[2026-03-13 21:18:34.142] [debug] 显示图像大小: 640x512
[2026-03-13 21:18:34.156] [debug] 显示图像大小: 640x512
[2026-03-13 21:18:34.174] [debug] 显示图像大小: 640x512
[2026-03-13 21:18:34.188] [debug] 显示图像大小: 640x512
[2026-03-13 21:18:34.203] [debug] 显示图像大小: 640x512
[2026-03-13 21:18:34.218] [debug] 显示图像大小: 640x512
[2026-03-13 21:18:34.232] [debug] 显示图像大小: 640x512
[2026-03-13 21:18:34.246] [debug] 显示图像大小: 640x512
[2026-03-13 21:18:34.259] [debug] 显示图像大小: 640x512
[2026-03-13 21:18:34.269] [debug] 显示图像大小: 640x512
[2026-03-13 21:18:34.282] [debug] 显示图像大小: 640x512
[2026-03-13 21:18:34.295] [debug] 显示图像大小: 640x512
[2026-03-13 21:18:34.306] [debug] 显示图像大小: 640x512
[2026-03-13 21:18:34.320] [debug] 显示图像大小: 640x512
[2026-03-13 21:18:34.337] [debug] 显示图像大小: 640x512
[2026-03-13 21:18:34.353] [debug] 显示图像大小: 640x512
[2026-03-13 21:18:34.369] [debug] 显示图像大小: 640x512
[2026-03-13 21:18:34.386] [debug] 显示图像大小: 640x512
[2026-03-13 21:18:34.404] [debug] 显示图像大小: 640x512
[2026-03-13 21:18:34.418] [debug] 显示图像大小: 640x512
[2026-03-13 21:18:34.429] [debug] 显示图像大小: 640x512
[2026-03-13 21:18:34.442] [debug] 显示图像大小: 640x512
[2026-03-13 21:18:34.454] [debug] 显示图像大小: 640x512
[2026-03-13 21:18:34.467] [debug] 显示图像大小: 640x512
[2026-03-13 21:18:34.480] [debug] 显示图像大小: 640x512
[2026-03-13 21:18:34.492] [debug] 显示图像大小: 640x512
[2026-03-13 21:18:34.505] [debug] 显示图像大小: 640x512
[2026-03-13 21:18:34.517] [debug] 显示图像大小: 640x512
[2026-03-13 21:18:34.529] [debug] 显示图像大小: 640x512
[2026-03-13 21:18:34.542] [debug] 显示图像大小: 640x512
[2026-03-13 21:18:34.554] [debug] 显示图像大小: 640x512
[2026-03-13 21:18:34.568] [debug] 显示图像大小: 640x512
[2026-03-13 21:18:34.580] [debug] 显示图像大小: 640x512
[2026-03-13 21:18:34.592] [debug] 显示图像大小: 640x512
[2026-03-13 21:18:34.603] [debug] 显示图像大小: 640x512
[2026-03-13 21:18:34.616] [debug] 显示图像大小: 640x512
[2026-03-13 21:18:34.627] [debug] 显示图像大小: 640x512
[2026-03-13 21:18:34.638] [debug] 显示图像大小: 640x512
[2026-03-13 21:18:34.651] [debug] 显示图像大小: 640x512
[2026-03-13 21:18:34.663] [debug] 显示图像大小: 640x512
[2026-03-13 21:18:34.680] [debug] 显示图像大小: 640x512
[2026-03-13 21:18:34.701] [debug] 显示图像大小: 640x512
[2026-03-13 21:18:34.722] [debug] 显示图像大小: 640x512
[2026-03-13 21:18:34.736] [debug] 显示图像大小: 640x512
[2026-03-13 21:18:34.750] [debug] 显示图像大小: 640x512
[2026-03-13 21:18:34.762] [debug] 显示图像大小: 640x512
[2026-03-13 21:18:34.776] [debug] 显示图像大小: 640x512
[2026-03-13 21:18:34.788] [debug] 显示图像大小: 640x512
[2026-03-13 21:18:34.799] [debug] 显示图像大小: 640x512
[2026-03-13 21:18:34.809] [debug] 显示图像大小: 640x512
[2026-03-13 21:18:34.821] [debug] 显示图像大小: 640x512
[2026-03-13 21:18:34.836] [debug] 显示图像大小: 640x512
[2026-03-13 21:18:34.848] [debug] 显示图像大小: 640x512
[2026-03-13 21:18:34.861] [debug] 显示图像大小: 640x512
[2026-03-13 21:18:34.873] [debug] 显示图像大小: 640x512
[2026-03-13 21:18:34.885] [debug] 显示图像大小: 640x512
[2026-03-13 21:18:34.896] [debug] 显示图像大小: 640x512
[2026-03-13 21:18:34.908] [debug] 显示图像大小: 640x512
[2026-03-13 21:18:34.920] [debug] 显示图像大小: 640x512
[2026-03-13 21:18:34.933] [debug] 显示图像大小: 640x512
[2026-03-13 21:18:34.945] [debug] 显示图像大小: 640x512
[2026-03-13 21:18:34.958] [debug] 显示图像大小: 640x512
[2026-03-13 21:18:34.971] [debug] 显示图像大小: 640x512
[2026-03-13 21:18:34.985] [debug] 显示图像大小: 640x512
[2026-03-13 21:18:34.999] [debug] 显示图像大小: 640x512
[2026-03-13 21:18:35.013] [debug] 显示图像大小: 640x512
[2026-03-13 21:18:35.026] [debug] 显示图像大小: 640x512
[2026-03-13 21:18:35.037] [debug] 显示图像大小: 640x512
[2026-03-13 21:18:35.050] [debug] 显示图像大小: 640x512
[2026-03-13 21:18:35.063] [debug] 显示图像大小: 640x512
[2026-03-13 21:18:35.077] [debug] 显示图像大小: 640x512
[2026-03-13 21:18:35.092] [debug] 显示图像大小: 640x512
[2026-03-13 21:18:35.105] [debug] 显示图像大小: 640x512
[2026-03-13 21:18:35.119] [debug] 显示图像大小: 640x512
[2026-03-13 21:18:35.134] [debug] 显示图像大小: 640x512
[2026-03-13 21:18:35.149] [debug] 显示图像大小: 640x512
[2026-03-13 21:18:35.165] [debug] 显示图像大小: 640x512
[2026-03-13 21:18:35.180] [debug] 显示图像大小: 640x512
[2026-03-13 21:18:35.195] [debug] 显示图像大小: 640x512
[2026-03-13 21:18:35.210] [debug] 显示图像大小: 640x512
[2026-03-13 21:18:35.224] [debug] 显示图像大小: 640x512
[2026-03-13 21:18:35.238] [debug] 显示图像大小: 640x512
[2026-03-13 21:18:35.252] [debug] 显示图像大小: 640x512
[2026-03-13 21:18:35.264] [debug] 显示图像大小: 640x512
[2026-03-13 21:18:35.277] [debug] 显示图像大小: 640x512
[2026-03-13 21:18:35.289] [debug] 显示图像大小: 640x512
[2026-03-13 21:18:35.302] [debug] 显示图像大小: 640x512
[2026-03-13 21:18:35.314] [debug] 显示图像大小: 640x512
[2026-03-13 21:18:35.326] [debug] 显示图像大小: 640x512
[2026-03-13 21:18:35.336] [debug] 显示图像大小: 640x512
[2026-03-13 21:18:35.348] [debug] 显示图像大小: 640x512
[2026-03-13 21:18:35.360] [debug] 显示图像大小: 640x512
[2026-03-13 21:18:35.372] [debug] 显示图像大小: 640x512
[2026-03-13 21:18:35.385] [debug] 显示图像大小: 640x512
[2026-03-13 21:18:35.398] [debug] 显示图像大小: 640x512
[2026-03-13 21:18:35.412] [debug] 显示图像大小: 640x512
[2026-03-13 21:18:35.427] [debug] 显示图像大小: 640x512
[2026-03-13 21:18:35.442] [debug] 显示图像大小: 640x512
[2026-03-13 21:18:35.460] [debug] 显示图像大小: 640x512
[2026-03-13 21:18:35.473] [debug] 显示图像大小: 640x512
[2026-03-13 21:18:35.486] [debug] 显示图像大小: 640x512
[2026-03-13 21:18:35.500] [debug] 显示图像大小: 640x512
[2026-03-13 21:18:35.515] [debug] 显示图像大小: 640x512
[2026-03-13 21:18:35.530] [debug] 显示图像大小: 640x512
[2026-03-13 21:18:35.545] [debug] 显示图像大小: 640x512
[2026-03-13 21:18:35.558] [debug] 显示图像大小: 640x512
[2026-03-13 21:18:35.571] [debug] 显示图像大小: 640x512
[2026-03-13 21:18:35.584] [debug] 显示图像大小: 640x512
[2026-03-13 21:18:35.596] [debug] 显示图像大小: 640x512
[2026-03-13 21:18:35.608] [debug] 显示图像大小: 640x512
[2026-03-13 21:18:35.620] [debug] 显示图像大小: 640x512
[2026-03-13 21:18:35.637] [debug] 显示图像大小: 640x512
[2026-03-13 21:18:35.652] [debug] 显示图像大小: 640x512
[2026-03-13 21:18:35.668] [debug] 显示图像大小: 640x512
[2026-03-13 21:18:35.682] [debug] 显示图像大小: 640x512
[2026-03-13 21:18:35.695] [debug] 显示图像大小: 640x512
[2026-03-13 21:18:35.710] [debug] 显示图像大小: 640x512
[2026-03-13 21:18:35.726] [debug] 显示图像大小: 640x512
[2026-03-13 21:18:35.741] [debug] 显示图像大小: 640x512
[2026-03-13 21:18:35.755] [debug] 显示图像大小: 640x512
[2026-03-13 21:18:35.769] [debug] 显示图像大小: 640x512
[2026-03-13 21:18:35.784] [debug] 显示图像大小: 640x512
[2026-03-13 21:18:35.799] [debug] 显示图像大小: 640x512
[2026-03-13 21:18:35.811] [debug] 显示图像大小: 640x512
[2026-03-13 21:18:35.824] [debug] 显示图像大小: 640x512
[2026-03-13 21:18:35.837] [debug] 显示图像大小: 640x512
[2026-03-13 21:18:35.850] [debug] 显示图像大小: 640x512
[2026-03-13 21:18:35.861] [debug] 显示图像大小: 640x512
[2026-03-13 21:18:35.874] [debug] 显示图像大小: 640x512
[2026-03-13 21:18:35.887] [debug] 显示图像大小: 640x512
[2026-03-13 21:18:35.901] [debug] 显示图像大小: 640x512
[2026-03-13 21:18:35.913] [debug] 显示图像大小: 640x512
[2026-03-13 21:18:35.926] [debug] 显示图像大小: 640x512
[2026-03-13 21:18:35.938] [debug] 显示图像大小: 640x512
[2026-03-13 21:18:35.949] [debug] 显示图像大小: 640x512
[2026-03-13 21:18:35.961] [debug] 显示图像大小: 640x512
[2026-03-13 21:18:35.973] [debug] 显示图像大小: 640x512
[2026-03-13 21:18:35.986] [debug] 显示图像大小: 640x512
[2026-03-13 21:18:35.997] [debug] 显示图像大小: 640x512
[2026-03-13 21:18:36.010] [debug] 显示图像大小: 640x512
[2026-03-13 21:18:36.023] [debug] 显示图像大小: 640x512
[2026-03-13 21:18:36.036] [debug] 显示图像大小: 640x512
[2026-03-13 21:18:36.047] [debug] 显示图像大小: 640x512
[2026-03-13 21:18:36.058] [debug] 显示图像大小: 640x512
[2026-03-13 21:18:36.070] [debug] 显示图像大小: 640x512
[2026-03-13 21:18:36.084] [debug] 显示图像大小: 640x512
[2026-03-13 21:18:36.096] [debug] 显示图像大小: 640x512
[2026-03-13 21:18:36.108] [debug] 显示图像大小: 640x512
[2026-03-13 21:18:36.120] [debug] 显示图像大小: 640x512
[2026-03-13 21:18:36.133] [debug] 显示图像大小: 640x512
[2026-03-13 21:18:36.146] [debug] 显示图像大小: 640x512
[2026-03-13 21:18:36.159] [debug] 显示图像大小: 640x512
[2026-03-13 21:18:36.173] [debug] 显示图像大小: 640x512
[2026-03-13 21:18:36.188] [debug] 显示图像大小: 640x512
[2026-03-13 21:18:36.202] [debug] 显示图像大小: 640x512
[2026-03-13 21:18:36.219] [debug] 显示图像大小: 640x512
[2026-03-13 21:18:36.233] [debug] 显示图像大小: 640x512
[2026-03-13 21:18:36.247] [debug] 显示图像大小: 640x512
[2026-03-13 21:18:36.260] [debug] 显示图像大小: 640x512
[2026-03-13 21:18:36.274] [debug] 显示图像大小: 640x512
[2026-03-13 21:18:36.287] [debug] 显示图像大小: 640x512
[2026-03-13 21:18:36.303] [debug] 显示图像大小: 640x512
[2026-03-13 21:18:36.317] [debug] 显示图像大小: 640x512
[2026-03-13 21:18:36.332] [debug] 显示图像大小: 640x512
[2026-03-13 21:18:36.344] [debug] 显示图像大小: 640x512
[2026-03-13 21:18:36.355] [debug] 显示图像大小: 640x512
[2026-03-13 21:18:36.368] [debug] 显示图像大小: 640x512
[2026-03-13 21:18:36.382] [debug] 显示图像大小: 640x512
[2026-03-13 21:18:36.396] [debug] 显示图像大小: 640x512
[2026-03-13 21:18:36.410] [debug] 显示图像大小: 640x512
[2026-03-13 21:18:36.423] [debug] 显示图像大小: 640x512
[2026-03-13 21:18:36.438] [debug] 显示图像大小: 640x512
[2026-03-13 21:18:36.451] [debug] 显示图像大小: 640x512
[2026-03-13 21:18:36.463] [debug] 显示图像大小: 640x512
[2026-03-13 21:18:36.477] [debug] 显示图像大小: 640x512
[2026-03-13 21:18:36.490] [debug] 显示图像大小: 640x512
[2026-03-13 21:18:36.505] [debug] 显示图像大小: 640x512
[2026-03-13 21:18:36.519] [debug] 显示图像大小: 640x512
[2026-03-13 21:18:36.535] [debug] 显示图像大小: 640x512
[2026-03-13 21:18:36.550] [debug] 显示图像大小: 640x512
[2026-03-13 21:18:36.565] [debug] 显示图像大小: 640x512
[2026-03-13 21:18:36.578] [debug] 显示图像大小: 640x512
[2026-03-13 21:18:36.593] [debug] 显示图像大小: 640x512
[2026-03-13 21:18:36.610] [debug] 显示图像大小: 640x512
[2026-03-13 21:18:36.624] [debug] 显示图像大小: 640x512
[2026-03-13 21:18:36.638] [debug] 显示图像大小: 640x512
[2026-03-13 21:18:36.654] [debug] 显示图像大小: 640x512
[2026-03-13 21:18:36.670] [debug] 显示图像大小: 640x512
[2026-03-13 21:18:36.685] [debug] 显示图像大小: 640x512
[2026-03-13 21:18:36.698] [debug] 显示图像大小: 640x512
[2026-03-13 21:18:36.713] [debug] 显示图像大小: 640x512
[2026-03-13 21:18:36.729] [debug] 显示图像大小: 640x512
[2026-03-13 21:18:36.743] [debug] 显示图像大小: 640x512
[2026-03-13 21:18:36.758] [debug] 显示图像大小: 640x512
[2026-03-13 21:18:36.772] [debug] 显示图像大小: 640x512
[2026-03-13 21:18:36.786] [debug] 显示图像大小: 640x512
[2026-03-13 21:18:36.801] [debug] 显示图像大小: 640x512
[2026-03-13 21:18:36.816] [debug] 显示图像大小: 640x512
[2026-03-13 21:18:36.830] [debug] 显示图像大小: 640x512
[2026-03-13 21:18:36.843] [debug] 显示图像大小: 640x512
[2026-03-13 21:18:36.854] [debug] 显示图像大小: 640x512
[2026-03-13 21:18:36.866] [debug] 显示图像大小: 640x512
[2026-03-13 21:18:36.879] [debug] 显示图像大小: 640x512
[2026-03-13 21:18:36.891] [debug] 显示图像大小: 640x512
[2026-03-13 21:18:36.905] [debug] 显示图像大小: 640x512
[2026-03-13 21:18:36.922] [debug] 显示图像大小: 640x512
[2026-03-13 21:18:36.938] [debug] 显示图像大小: 640x512
[2026-03-13 21:18:36.953] [debug] 显示图像大小: 640x512
[2026-03-13 21:18:36.968] [debug] 显示图像大小: 640x512
[2026-03-13 21:18:36.984] [debug] 显示图像大小: 640x512
[2026-03-13 21:18:37.002] [debug] 显示图像大小: 640x512
[2026-03-13 21:18:37.014] [debug] 显示图像大小: 640x512
[2026-03-13 21:18:37.027] [debug] 显示图像大小: 640x512
[2026-03-13 21:18:37.038] [debug] 显示图像大小: 640x512
[2026-03-13 21:18:37.049] [debug] 显示图像大小: 640x512
[2026-03-13 21:18:37.062] [debug] 显示图像大小: 640x512
[2026-03-13 21:18:37.077] [debug] 显示图像大小: 640x512
[2026-03-13 21:18:37.091] [debug] 显示图像大小: 640x512
[2026-03-13 21:18:37.103] [debug] 显示图像大小: 640x512
[2026-03-13 21:18:37.115] [debug] 显示图像大小: 640x512
[2026-03-13 21:18:37.126] [debug] 显示图像大小: 640x512
[2026-03-13 21:18:37.136] [debug] 显示图像大小: 640x512
[2026-03-13 21:18:37.147] [debug] 显示图像大小: 640x512
[2026-03-13 21:18:37.160] [debug] 显示图像大小: 640x512
[2026-03-13 21:18:37.174] [debug] 显示图像大小: 640x512
[2026-03-13 21:18:37.186] [debug] 显示图像大小: 640x512
[2026-03-13 21:18:37.200] [debug] 显示图像大小: 640x512
[2026-03-13 21:18:37.213] [debug] 显示图像大小: 640x512
[2026-03-13 21:18:37.226] [debug] 显示图像大小: 640x512
[2026-03-13 21:18:37.240] [debug] 显示图像大小: 640x512
[2026-03-13 21:18:37.254] [debug] 显示图像大小: 640x512
[2026-03-13 21:18:37.269] [debug] 显示图像大小: 640x512
[2026-03-13 21:18:37.282] [debug] 显示图像大小: 640x512
[2026-03-13 21:18:37.295] [debug] 显示图像大小: 640x512
[2026-03-13 21:18:37.307] [debug] 显示图像大小: 640x512
[2026-03-13 21:18:37.320] [debug] 显示图像大小: 640x512
[2026-03-13 21:18:37.333] [debug] 显示图像大小: 640x512
[2026-03-13 21:18:37.347] [debug] 显示图像大小: 640x512
[2026-03-13 21:18:37.360] [debug] 显示图像大小: 640x512
[2026-03-13 21:18:37.373] [debug] 显示图像大小: 640x512
[2026-03-13 21:18:37.387] [debug] 显示图像大小: 640x512
[2026-03-13 21:18:37.402] [debug] 显示图像大小: 640x512
[2026-03-13 21:18:37.417] [debug] 显示图像大小: 640x512
[2026-03-13 21:18:37.430] [debug] 显示图像大小: 640x512
[2026-03-13 21:18:37.443] [debug] 显示图像大小: 640x512
[2026-03-13 21:18:37.454] [debug] 显示图像大小: 640x512
[2026-03-13 21:18:37.466] [debug] 显示图像大小: 640x512
[2026-03-13 21:18:37.479] [debug] 显示图像大小: 640x512
[2026-03-13 21:18:37.491] [debug] 显示图像大小: 640x512
[2026-03-13 21:18:37.503] [debug] 显示图像大小: 640x512
[2026-03-13 21:18:37.515] [debug] 显示图像大小: 640x512
[2026-03-13 21:18:37.527] [debug] 显示图像大小: 640x512
[2026-03-13 21:18:37.540] [debug] 显示图像大小: 640x512
[2026-03-13 21:18:37.553] [debug] 显示图像大小: 640x512
[2026-03-13 21:18:37.565] [debug] 显示图像大小: 640x512
[2026-03-13 21:18:37.578] [debug] 显示图像大小: 640x512
[2026-03-13 21:18:37.590] [debug] 显示图像大小: 640x512
[2026-03-13 21:18:37.602] [debug] 显示图像大小: 640x512
[2026-03-13 21:18:37.616] [debug] 显示图像大小: 640x512
[2026-03-13 21:18:37.628] [debug] 显示图像大小: 640x512
[2026-03-13 21:18:37.642] [debug] 显示图像大小: 640x512
[2026-03-13 21:18:37.656] [debug] 显示图像大小: 640x512
[2026-03-13 21:18:37.671] [debug] 显示图像大小: 640x512
[2026-03-13 21:18:37.687] [debug] 显示图像大小: 640x512
[2026-03-13 21:18:37.702] [debug] 显示图像大小: 640x512
[2026-03-13 21:18:37.715] [debug] 显示图像大小: 640x512
[2026-03-13 21:18:37.730] [debug] 显示图像大小: 640x512
[2026-03-13 21:18:37.744] [debug] 显示图像大小: 640x512
[2026-03-13 21:18:37.758] [debug] 显示图像大小: 640x512
[2026-03-13 21:18:37.773] [debug] 显示图像大小: 640x512
[2026-03-13 21:18:37.789] [debug] 显示图像大小: 640x512
[2026-03-13 21:18:37.804] [debug] 显示图像大小: 640x512
[2026-03-13 21:18:37.818] [debug] 显示图像大小: 640x512
[2026-03-13 21:18:37.834] [debug] 显示图像大小: 640x512
[2026-03-13 21:18:37.847] [debug] 显示图像大小: 640x512
[2026-03-13 21:18:37.862] [debug] 显示图像大小: 640x512
[2026-03-13 21:18:37.876] [debug] 显示图像大小: 640x512
[2026-03-13 21:18:37.888] [debug] 显示图像大小: 640x512
[2026-03-13 21:18:37.902] [debug] 显示图像大小: 640x512
[2026-03-13 21:18:37.915] [debug] 显示图像大小: 640x512
[2026-03-13 21:18:37.928] [debug] 显示图像大小: 640x512
[2026-03-13 21:18:37.942] [debug] 显示图像大小: 640x512
[2026-03-13 21:18:37.956] [debug] 显示图像大小: 640x512
[2026-03-13 21:18:37.969] [debug] 显示图像大小: 640x512
[2026-03-13 21:18:37.983] [debug] 显示图像大小: 640x512
[2026-03-13 21:18:37.997] [debug] 显示图像大小: 640x512
[2026-03-13 21:18:38.010] [debug] 显示图像大小: 640x512
[2026-03-13 21:18:38.023] [debug] 显示图像大小: 640x512
[2026-03-13 21:18:38.037] [debug] 显示图像大小: 640x512
[2026-03-13 21:18:38.049] [debug] 显示图像大小: 640x512
[2026-03-13 21:18:38.062] [debug] 显示图像大小: 640x512
[2026-03-13 21:18:38.074] [debug] 显示图像大小: 640x512
[2026-03-13 21:18:38.088] [debug] 显示图像大小: 640x512
[2026-03-13 21:18:38.102] [debug] 显示图像大小: 640x512
[2026-03-13 21:18:38.115] [debug] 显示图像大小: 640x512
[2026-03-13 21:18:38.126] [debug] 显示图像大小: 640x512
[2026-03-13 21:18:38.139] [debug] 显示图像大小: 640x512
[2026-03-13 21:18:38.152] [debug] 显示图像大小: 640x512
[2026-03-13 21:18:38.163] [debug] 显示图像大小: 640x512
[2026-03-13 21:18:38.176] [debug] 显示图像大小: 640x512
[2026-03-13 21:18:38.190] [debug] 显示图像大小: 640x512
[2026-03-13 21:18:38.205] [debug] 显示图像大小: 640x512
[2026-03-13 21:18:38.219] [debug] 显示图像大小: 640x512
[2026-03-13 21:18:38.234] [debug] 显示图像大小: 640x512
[2026-03-13 21:18:38.248] [debug] 显示图像大小: 640x512
[2026-03-13 21:18:38.263] [debug] 显示图像大小: 640x512
[2026-03-13 21:18:38.275] [debug] 显示图像大小: 640x512
[2026-03-13 21:18:38.288] [debug] 显示图像大小: 640x512
[2026-03-13 21:18:38.301] [debug] 显示图像大小: 640x512
[2026-03-13 21:18:38.314] [debug] 显示图像大小: 640x512
[2026-03-13 21:18:38.327] [debug] 显示图像大小: 640x512
[2026-03-13 21:18:38.340] [debug] 显示图像大小: 640x512
[2026-03-13 21:18:38.354] [debug] 显示图像大小: 640x512
[2026-03-13 21:18:38.368] [debug] 显示图像大小: 640x512
[2026-03-13 21:18:38.384] [debug] 显示图像大小: 640x512
[2026-03-13 21:18:38.397] [debug] 显示图像大小: 640x512
[2026-03-13 21:18:38.411] [debug] 显示图像大小: 640x512
[2026-03-13 21:18:38.425] [debug] 显示图像大小: 640x512
[2026-03-13 21:18:38.440] [debug] 显示图像大小: 640x512
[2026-03-13 21:18:38.455] [debug] 显示图像大小: 640x512
[2026-03-13 21:18:38.471] [debug] 显示图像大小: 640x512
[2026-03-13 21:18:38.486] [debug] 显示图像大小: 640x512
[2026-03-13 21:18:38.501] [debug] 显示图像大小: 640x512
[2026-03-13 21:18:38.516] [debug] 显示图像大小: 640x512
[2026-03-13 21:18:38.532] [debug] 显示图像大小: 640x512
[2026-03-13 21:18:38.545] [debug] 显示图像大小: 640x512
[2026-03-13 21:18:38.557] [debug] 显示图像大小: 640x512
[2026-03-13 21:18:38.569] [debug] 显示图像大小: 640x512
[2026-03-13 21:18:38.580] [debug] 显示图像大小: 640x512
[2026-03-13 21:18:38.592] [debug] 显示图像大小: 640x512
[2026-03-13 21:18:38.604] [debug] 显示图像大小: 640x512
[2026-03-13 21:18:38.615] [debug] 显示图像大小: 640x512
[2026-03-13 21:18:38.628] [debug] 显示图像大小: 640x512
[2026-03-13 21:18:38.642] [debug] 显示图像大小: 640x512
[2026-03-13 21:18:38.655] [debug] 显示图像大小: 640x512
[2026-03-13 21:18:38.668] [debug] 显示图像大小: 640x512
[2026-03-13 21:18:38.682] [debug] 显示图像大小: 640x512
[2026-03-13 21:18:38.696] [debug] 显示图像大小: 640x512
[2026-03-13 21:18:38.709] [debug] 显示图像大小: 640x512
[2026-03-13 21:18:38.723] [debug] 显示图像大小: 640x512
[2026-03-13 21:18:38.737] [debug] 显示图像大小: 640x512
[2026-03-13 21:18:38.752] [debug] 显示图像大小: 640x512
[2026-03-13 21:18:38.766] [debug] 显示图像大小: 640x512
[2026-03-13 21:18:38.780] [debug] 显示图像大小: 640x512
[2026-03-13 21:18:38.794] [debug] 显示图像大小: 640x512
[2026-03-13 21:18:38.809] [debug] 显示图像大小: 640x512
[2026-03-13 21:18:38.825] [debug] 显示图像大小: 640x512
[2026-03-13 21:18:38.839] [debug] 显示图像大小: 640x512
[2026-03-13 21:18:38.854] [debug] 显示图像大小: 640x512
[2026-03-13 21:18:38.869] [debug] 显示图像大小: 640x512
[2026-03-13 21:18:38.884] [debug] 显示图像大小: 640x512
[2026-03-13 21:18:38.900] [debug] 显示图像大小: 640x512
[2026-03-13 21:18:38.916] [debug] 显示图像大小: 640x512
[2026-03-13 21:18:38.931] [debug] 显示图像大小: 640x512
[2026-03-13 21:18:38.947] [debug] 显示图像大小: 640x512
[2026-03-13 21:18:38.962] [debug] 显示图像大小: 640x512
[2026-03-13 21:18:38.977] [debug] 显示图像大小: 640x512
[2026-03-13 21:18:38.992] [debug] 显示图像大小: 640x512
[2026-03-13 21:18:39.007] [debug] 显示图像大小: 640x512
[2026-03-13 21:18:39.021] [debug] 显示图像大小: 640x512
[2026-03-13 21:18:39.034] [debug] 显示图像大小: 640x512
[2026-03-13 21:18:39.046] [debug] 显示图像大小: 640x512
[2026-03-13 21:18:39.057] [debug] 显示图像大小: 640x512
[2026-03-13 21:18:39.068] [debug] 显示图像大小: 640x512
[2026-03-13 21:18:39.080] [debug] 显示图像大小: 640x512
[2026-03-13 21:18:39.093] [debug] 显示图像大小: 640x512
[2026-03-13 21:18:39.105] [debug] 显示图像大小: 640x512
[2026-03-13 21:18:39.118] [debug] 显示图像大小: 640x512
[2026-03-13 21:18:39.132] [debug] 显示图像大小: 640x512
[2026-03-13 21:18:39.146] [debug] 显示图像大小: 640x512
[2026-03-13 21:18:39.160] [debug] 显示图像大小: 640x512
[2026-03-13 21:18:39.172] [debug] 显示图像大小: 640x512
[2026-03-13 21:18:39.184] [debug] 显示图像大小: 640x512
[2026-03-13 21:18:39.200] [debug] 显示图像大小: 640x512
[2026-03-13 21:18:39.215] [debug] 显示图像大小: 640x512
[2026-03-13 21:18:39.230] [debug] 显示图像大小: 640x512
[2026-03-13 21:18:39.243] [debug] 显示图像大小: 640x512
[2026-03-13 21:18:39.254] [debug] 显示图像大小: 640x512
[2026-03-13 21:18:39.266] [debug] 显示图像大小: 640x512
[2026-03-13 21:18:39.277] [debug] 显示图像大小: 640x512
[2026-03-13 21:18:39.290] [debug] 显示图像大小: 640x512
[2026-03-13 21:18:39.302] [debug] 显示图像大小: 640x512
[2026-03-13 21:18:39.315] [debug] 显示图像大小: 640x512
[2026-03-13 21:18:39.328] [debug] 显示图像大小: 640x512
[2026-03-13 21:18:39.342] [debug] 显示图像大小: 640x512
[2026-03-13 21:18:39.356] [debug] 显示图像大小: 640x512
[2026-03-13 21:18:39.369] [debug] 显示图像大小: 640x512
[2026-03-13 21:18:39.382] [debug] 显示图像大小: 640x512
[2026-03-13 21:18:39.395] [debug] 显示图像大小: 640x512
[2026-03-13 21:18:39.409] [debug] 显示图像大小: 640x512
[2026-03-13 21:18:39.424] [debug] 显示图像大小: 640x512
[2026-03-13 21:18:39.438] [debug] 显示图像大小: 640x512
[2026-03-13 21:18:39.452] [debug] 显示图像大小: 640x512
[2026-03-13 21:18:39.465] [debug] 显示图像大小: 640x512
[2026-03-13 21:18:39.477] [debug] 显示图像大小: 640x512
[2026-03-13 21:18:39.490] [debug] 显示图像大小: 640x512
[2026-03-13 21:18:39.505] [debug] 显示图像大小: 640x512
[2026-03-13 21:18:39.522] [debug] 显示图像大小: 640x512
[2026-03-13 21:18:39.542] [debug] 显示图像大小: 640x512
[2026-03-13 21:18:39.563] [debug] 显示图像大小: 640x512
[2026-03-13 21:18:39.578] [debug] 显示图像大小: 640x512
[2026-03-13 21:18:39.591] [debug] 显示图像大小: 640x512
[2026-03-13 21:18:39.602] [debug] 显示图像大小: 640x512
[2026-03-13 21:18:39.613] [debug] 显示图像大小: 640x512
[2026-03-13 21:18:39.625] [debug] 显示图像大小: 640x512
[2026-03-13 21:18:39.636] [debug] 显示图像大小: 640x512
[2026-03-13 21:18:39.649] [debug] 显示图像大小: 640x512
[2026-03-13 21:18:39.665] [debug] 显示图像大小: 640x512
[2026-03-13 21:18:39.682] [debug] 显示图像大小: 640x512
[2026-03-13 21:18:39.697] [debug] 显示图像大小: 640x512
[2026-03-13 21:18:39.712] [debug] 显示图像大小: 640x512
[2026-03-13 21:18:39.727] [debug] 显示图像大小: 640x512
[2026-03-13 21:18:39.742] [debug] 显示图像大小: 640x512
[2026-03-13 21:18:39.755] [debug] 显示图像大小: 640x512
[2026-03-13 21:18:39.769] [debug] 显示图像大小: 640x512
[2026-03-13 21:18:39.786] [debug] 显示图像大小: 640x512
[2026-03-13 21:18:39.801] [debug] 显示图像大小: 640x512
[2026-03-13 21:18:39.814] [debug] 显示图像大小: 640x512
[2026-03-13 21:18:39.827] [debug] 显示图像大小: 640x512
[2026-03-13 21:18:39.840] [debug] 显示图像大小: 640x512
[2026-03-13 21:18:39.852] [debug] 显示图像大小: 640x512
[2026-03-13 21:18:39.866] [debug] 显示图像大小: 640x512
[2026-03-13 21:18:39.878] [debug] 显示图像大小: 640x512
[2026-03-13 21:18:39.890] [debug] 显示图像大小: 640x512
[2026-03-13 21:18:39.904] [debug] 显示图像大小: 640x512
[2026-03-13 21:18:39.921] [debug] 显示图像大小: 640x512
[2026-03-13 21:18:39.934] [debug] 显示图像大小: 640x512
[2026-03-13 21:18:39.949] [debug] 显示图像大小: 640x512
[2026-03-13 21:18:39.964] [debug] 显示图像大小: 640x512
[2026-03-13 21:18:39.978] [debug] 显示图像大小: 640x512
[2026-03-13 21:18:39.994] [debug] 显示图像大小: 640x512
[2026-03-13 21:18:40.012] [debug] 显示图像大小: 640x512
[2026-03-13 21:18:40.027] [debug] 显示图像大小: 640x512
[2026-03-13 21:18:40.038] [debug] 显示图像大小: 640x512
[2026-03-13 21:18:40.050] [debug] 显示图像大小: 640x512
[2026-03-13 21:18:40.061] [debug] 显示图像大小: 640x512
[2026-03-13 21:18:40.073] [debug] 显示图像大小: 640x512
[2026-03-13 21:18:40.086] [debug] 显示图像大小: 640x512
[2026-03-13 21:18:40.100] [debug] 显示图像大小: 640x512
[2026-03-13 21:18:40.112] [debug] 显示图像大小: 640x512
[2026-03-13 21:18:40.128] [debug] 显示图像大小: 640x512
[2026-03-13 21:18:40.143] [debug] 显示图像大小: 640x512
[2026-03-13 21:18:40.157] [debug] 显示图像大小: 640x512
[2026-03-13 21:18:40.172] [debug] 显示图像大小: 640x512
[2026-03-13 21:18:40.185] [debug] 显示图像大小: 640x512
[2026-03-13 21:18:40.199] [debug] 显示图像大小: 640x512
[2026-03-13 21:18:40.213] [debug] 显示图像大小: 640x512
[2026-03-13 21:18:40.226] [debug] 显示图像大小: 640x512
[2026-03-13 21:18:40.239] [debug] 显示图像大小: 640x512
[2026-03-13 21:18:40.256] [debug] 显示图像大小: 640x512
[2026-03-13 21:18:40.271] [debug] 显示图像大小: 640x512
[2026-03-13 21:18:40.285] [debug] 显示图像大小: 640x512
[2026-03-13 21:18:40.298] [debug] 显示图像大小: 640x512
[2026-03-13 21:18:40.311] [debug] 显示图像大小: 640x512
[2026-03-13 21:18:40.325] [debug] 显示图像大小: 640x512
[2026-03-13 21:18:40.338] [debug] 显示图像大小: 640x512
[2026-03-13 21:18:40.354] [debug] 显示图像大小: 640x512
[2026-03-13 21:18:40.368] [debug] 显示图像大小: 640x512
[2026-03-13 21:18:40.381] [debug] 显示图像大小: 640x512
[2026-03-13 21:18:40.394] [debug] 显示图像大小: 640x512
[2026-03-13 21:18:40.408] [debug] 显示图像大小: 640x512
[2026-03-13 21:18:40.423] [debug] 显示图像大小: 640x512
[2026-03-13 21:18:40.437] [debug] 显示图像大小: 640x512
[2026-03-13 21:18:40.453] [debug] 显示图像大小: 640x512
[2026-03-13 21:18:40.466] [debug] 显示图像大小: 640x512
[2026-03-13 21:18:40.478] [debug] 显示图像大小: 640x512
[2026-03-13 21:18:40.491] [debug] 显示图像大小: 640x512
[2026-03-13 21:18:40.506] [debug] 显示图像大小: 640x512
[2026-03-13 21:18:40.522] [debug] 显示图像大小: 640x512
[2026-03-13 21:18:40.538] [debug] 显示图像大小: 640x512
[2026-03-13 21:18:40.552] [debug] 显示图像大小: 640x512
[2026-03-13 21:18:40.565] [debug] 显示图像大小: 640x512
[2026-03-13 21:18:40.578] [debug] 显示图像大小: 640x512
[2026-03-13 21:18:40.593] [debug] 显示图像大小: 640x512
[2026-03-13 21:18:40.606] [debug] 显示图像大小: 640x512
[2026-03-13 21:18:40.617] [debug] 显示图像大小: 640x512
[2026-03-13 21:18:40.628] [debug] 显示图像大小: 640x512
[2026-03-13 21:18:40.639] [debug] 显示图像大小: 640x512
[2026-03-13 21:18:40.649] [debug] 显示图像大小: 640x512
[2026-03-13 21:18:40.660] [debug] 显示图像大小: 640x512
[2026-03-13 21:18:40.671] [debug] 显示图像大小: 640x512
[2026-03-13 21:18:40.685] [debug] 显示图像大小: 640x512
[2026-03-13 21:18:40.700] [debug] 显示图像大小: 640x512
[2026-03-13 21:18:40.713] [debug] 显示图像大小: 640x512
[2026-03-13 21:18:40.726] [debug] 显示图像大小: 640x512
[2026-03-13 21:18:40.739] [debug] 显示图像大小: 640x512
[2026-03-13 21:18:40.754] [debug] 显示图像大小: 640x512
[2026-03-13 21:18:40.768] [debug] 显示图像大小: 640x512
[2026-03-13 21:18:40.784] [debug] 显示图像大小: 640x512
[2026-03-13 21:18:40.797] [debug] 显示图像大小: 640x512
[2026-03-13 21:18:40.808] [debug] 显示图像大小: 640x512
[2026-03-13 21:18:40.820] [debug] 显示图像大小: 640x512
[2026-03-13 21:18:40.833] [debug] 显示图像大小: 640x512
[2026-03-13 21:18:40.846] [debug] 显示图像大小: 640x512
[2026-03-13 21:18:40.858] [debug] 显示图像大小: 640x512
[2026-03-13 21:18:40.871] [debug] 显示图像大小: 640x512
[2026-03-13 21:18:40.886] [debug] 显示图像大小: 640x512
[2026-03-13 21:18:40.900] [debug] 显示图像大小: 640x512
[2026-03-13 21:18:40.917] [debug] 显示图像大小: 640x512
[2026-03-13 21:18:40.932] [debug] 显示图像大小: 640x512
[2026-03-13 21:18:40.945] [debug] 显示图像大小: 640x512
[2026-03-13 21:18:40.959] [debug] 显示图像大小: 640x512
[2026-03-13 21:18:40.971] [debug] 显示图像大小: 640x512
[2026-03-13 21:18:40.984] [debug] 显示图像大小: 640x512
[2026-03-13 21:18:40.997] [debug] 显示图像大小: 640x512
[2026-03-13 21:18:41.010] [debug] 显示图像大小: 640x512
[2026-03-13 21:18:41.023] [debug] 显示图像大小: 640x512
[2026-03-13 21:18:41.036] [debug] 显示图像大小: 640x512
[2026-03-13 21:18:41.048] [debug] 显示图像大小: 640x512
[2026-03-13 21:18:41.058] [debug] 显示图像大小: 640x512
[2026-03-13 21:18:41.069] [debug] 显示图像大小: 640x512
[2026-03-13 21:18:41.083] [debug] 显示图像大小: 640x512
[2026-03-13 21:18:41.098] [debug] 显示图像大小: 640x512
[2026-03-13 21:18:41.111] [debug] 显示图像大小: 640x512
[2026-03-13 21:18:41.125] [debug] 显示图像大小: 640x512
[2026-03-13 21:18:41.137] [debug] 显示图像大小: 640x512
[2026-03-13 21:18:41.149] [debug] 显示图像大小: 640x512
[2026-03-13 21:18:41.161] [debug] 显示图像大小: 640x512
[2026-03-13 21:18:41.175] [debug] 显示图像大小: 640x512
[2026-03-13 21:18:41.188] [debug] 显示图像大小: 640x512
[2026-03-13 21:18:41.201] [debug] 显示图像大小: 640x512
[2026-03-13 21:18:41.212] [debug] 显示图像大小: 640x512
[2026-03-13 21:18:41.224] [debug] 显示图像大小: 640x512
[2026-03-13 21:18:41.237] [debug] 显示图像大小: 640x512
[2026-03-13 21:18:41.249] [debug] 显示图像大小: 640x512
[2026-03-13 21:18:41.262] [debug] 显示图像大小: 640x512
[2026-03-13 21:18:41.276] [debug] 显示图像大小: 640x512
[2026-03-13 21:18:41.289] [debug] 显示图像大小: 640x512
[2026-03-13 21:18:41.303] [debug] 显示图像大小: 640x512
[2026-03-13 21:18:41.320] [debug] 显示图像大小: 640x512
[2026-03-13 21:18:41.335] [debug] 显示图像大小: 640x512
[2026-03-13 21:18:41.348] [debug] 显示图像大小: 640x512
[2026-03-13 21:18:41.364] [debug] 显示图像大小: 640x512
[2026-03-13 21:18:41.377] [debug] 显示图像大小: 640x512
[2026-03-13 21:18:41.391] [debug] 显示图像大小: 640x512
[2026-03-13 21:18:41.408] [debug] 显示图像大小: 640x512
[2026-03-13 21:18:41.422] [debug] 显示图像大小: 640x512
[2026-03-13 21:18:41.552] [info] Mindvision destructed.
[2026-03-13 21:18:41.563] [info] [heaven] read_thread stopped.
