[2026-03-13 21:26:33.804] [info] [heaven] successful received.
[2026-03-13 21:26:33.804] [info] 串口初始化成功
[2026-03-13 21:26:33.804] [info] [heaven] read_thread started.
[2026-03-13 21:26:34.580] [info] Mindvision opened.
[2026-03-13 21:26:34.580] [info] 相机初始化成功
[2026-03-13 21:26:34.814] [debug] 显示图像大小: 640x512
[2026-03-13 21:26:34.823] [debug] 显示图像大小: 640x512
[2026-03-13 21:26:34.847] [debug] 显示图像大小: 640x512
[2026-03-13 21:26:34.864] [debug] 显示图像大小: 640x512
[2026-03-13 21:26:34.886] [debug] 显示图像大小: 640x512
[2026-03-13 21:26:34.899] [debug] 显示图像大小: 640x512
[2026-03-13 21:26:34.915] [debug] 显示图像大小: 640x512
[2026-03-13 21:26:34.935] [debug] 显示图像大小: 640x512
[2026-03-13 21:26:34.959] [debug] 显示图像大小: 640x512
[2026-03-13 21:26:34.977] [debug] 显示图像大小: 640x512
[2026-03-13 21:26:34.994] [debug] 显示图像大小: 640x512
[2026-03-13 21:26:35.012] [debug] 显示图像大小: 640x512
[2026-03-13 21:26:35.030] [debug] 显示图像大小: 640x512
[2026-03-13 21:26:35.046] [debug] 显示图像大小: 640x512
[2026-03-13 21:26:35.059] [debug] 显示图像大小: 640x512
[2026-03-13 21:26:35.074] [debug] 显示图像大小: 640x512
[2026-03-13 21:26:35.086] [debug] 显示图像大小: 640x512
[2026-03-13 21:26:35.099] [debug] 显示图像大小: 640x512
[2026-03-13 21:26:35.121] [debug] 显示图像大小: 640x512
[2026-03-13 21:26:35.137] [debug] 显示图像大小: 640x512
[2026-03-13 21:26:35.150] [debug] 显示图像大小: 640x512
[2026-03-13 21:26:35.164] [debug] 显示图像大小: 640x512
[2026-03-13 21:26:35.178] [debug] 显示图像大小: 640x512
[2026-03-13 21:26:35.190] [debug] 显示图像大小: 640x512
[2026-03-13 21:26:35.202] [debug] 显示图像大小: 640x512
[2026-03-13 21:26:35.214] [debug] 显示图像大小: 640x512
[2026-03-13 21:26:35.226] [debug] 显示图像大小: 640x512
[2026-03-13 21:26:35.238] [debug] 显示图像大小: 640x512
[2026-03-13 21:26:35.251] [debug] 显示图像大小: 640x512
[2026-03-13 21:26:35.263] [debug] 显示图像大小: 640x512
[2026-03-13 21:26:35.277] [debug] 显示图像大小: 640x512
[2026-03-13 21:26:35.290] [debug] 显示图像大小: 640x512
[2026-03-13 21:26:35.303] [debug] 显示图像大小: 640x512
[2026-03-13 21:26:35.316] [debug] 显示图像大小: 640x512
[2026-03-13 21:26:35.327] [debug] 显示图像大小: 640x512
[2026-03-13 21:26:35.339] [debug] 显示图像大小: 640x512
[2026-03-13 21:26:35.351] [debug] 显示图像大小: 640x512
[2026-03-13 21:26:35.362] [debug] 显示图像大小: 640x512
[2026-03-13 21:26:35.375] [debug] 显示图像大小: 640x512
[2026-03-13 21:26:35.387] [debug] 显示图像大小: 640x512
[2026-03-13 21:26:35.399] [debug] 显示图像大小: 640x512
[2026-03-13 21:26:35.411] [debug] 显示图像大小: 640x512
[2026-03-13 21:26:35.424] [debug] 显示图像大小: 640x512
[2026-03-13 21:26:35.436] [debug] 显示图像大小: 640x512
[2026-03-13 21:26:35.448] [debug] 显示图像大小: 640x512
[2026-03-13 21:26:35.460] [debug] 显示图像大小: 640x512
[2026-03-13 21:26:35.473] [debug] 显示图像大小: 640x512
[2026-03-13 21:26:35.485] [debug] 显示图像大小: 640x512
[2026-03-13 21:26:35.497] [debug] 显示图像大小: 640x512
[2026-03-13 21:26:35.509] [debug] 显示图像大小: 640x512
[2026-03-13 21:26:35.522] [debug] 显示图像大小: 640x512
[2026-03-13 21:26:35.535] [debug] 显示图像大小: 640x512
[2026-03-13 21:26:35.546] [debug] 显示图像大小: 640x512
[2026-03-13 21:26:35.559] [debug] 显示图像大小: 640x512
[2026-03-13 21:26:35.571] [debug] 显示图像大小: 640x512
[2026-03-13 21:26:35.583] [debug] 显示图像大小: 640x512
[2026-03-13 21:26:35.595] [debug] 显示图像大小: 640x512
[2026-03-13 21:26:35.607] [debug] 显示图像大小: 640x512
[2026-03-13 21:26:35.619] [debug] 显示图像大小: 640x512
[2026-03-13 21:26:35.632] [debug] 显示图像大小: 640x512
[2026-03-13 21:26:35.643] [debug] 显示图像大小: 640x512
[2026-03-13 21:26:35.656] [debug] 显示图像大小: 640x512
[2026-03-13 21:26:35.670] [debug] 显示图像大小: 640x512
[2026-03-13 21:26:35.683] [debug] 显示图像大小: 640x512
[2026-03-13 21:26:35.694] [debug] 显示图像大小: 640x512
[2026-03-13 21:26:35.709] [debug] 显示图像大小: 640x512
[2026-03-13 21:26:35.720] [debug] 显示图像大小: 640x512
[2026-03-13 21:26:35.734] [debug] 显示图像大小: 640x512
[2026-03-13 21:26:35.747] [debug] 显示图像大小: 640x512
[2026-03-13 21:26:35.766] [debug] 显示图像大小: 640x512
[2026-03-13 21:26:35.779] [debug] 显示图像大小: 640x512
[2026-03-13 21:26:35.790] [debug] 显示图像大小: 640x512
[2026-03-13 21:26:35.801] [debug] 显示图像大小: 640x512
[2026-03-13 21:26:35.811] [debug] 显示图像大小: 640x512
[2026-03-13 21:26:35.987] [info] Mindvision destructed.
[2026-03-13 21:26:36.005] [info] [heaven] read_thread stopped.
